<?xml version="1.0" encoding="UTF-8"?>
<testsuite xmlns:xsi="http://www.w3.org/2001/XMLSchema-instance" xsi:noNamespaceSchemaLocation="https://maven.apache.org/surefire/maven-surefire-plugin/xsd/surefire-test-report-3.0.xsd" version="3.0" name="Setupclass.TestRunner" time="334.22" tests="15" errors="14" skipped="0" failures="0">
  <properties>
[...]
</properties>
  <testcase name="Login with existing facebook paid account test" classname="Login with existing facebook paid account test" time="75.488">
    <error message="no such element: Unable to locate element: {&quot;method&quot;:&quot;xpath&quot;,&quot;selector&quot;:&quot;//button[@id=&apos;clicking&apos;]&quot;}&#10;  (Session info: chrome=103.0.5060.134)&#10;For documentation on this error, please visit: https://www.seleniumhq.org/exceptions/no_such_element.html&#10;Build info: version: &apos;3.141.59&apos;, revision: &apos;e82be7d358&apos;, time: &apos;2018-11-14T08:17:03&apos;&#10;System info: host: &apos;SLIDEQA2&apos;, ip: &apos;192.168.43.28&apos;, os.name: &apos;Windows 10&apos;, os.arch: &apos;amd64&apos;, os.version: &apos;10.0&apos;, java.version: &apos;17&apos;&#10;Driver info: org.openqa.selenium.chrome.ChromeDriver&#10;Capabilities {acceptInsecureCerts: false, browserName: chrome, browserVersion: 103.0.5060.134, chrome: {chromedriverVersion: 103.0.5060.134 (8ec6fce403b..., userDataDir: C:\Users\SLIDEQ~1\AppData\L...}, goog:chromeOptions: {debuggerAddress: localhost:52826}, javascriptEnabled: true, networkConnectionEnabled: false, pageLoadStrategy: normal, platform: WINDOWS, platformName: WINDOWS, proxy: Proxy(), setWindowRect: true, strictFileInteractability: false, timeouts: {implicit: 0, pageLoad: 300000, script: 30000}, unhandledPromptBehavior: dismiss and notify, webauthn:extension:credBlob: true, webauthn:extension:largeBlob: true, webauthn:virtualAuthenticators: true}&#10;Session ID: 8e110c0b90cd357c2507bdef4407079c&#10;*** Element info: {Using=xpath, value=//button[@id=&apos;clicking&apos;]}" type="org.openqa.selenium.NoSuchElementException"><![CDATA[org.openqa.selenium.NoSuchElementException: 
no such element: Unable to locate element: {"method":"xpath","selector":"//button[@id='clicking']"}
  (Session info: chrome=103.0.5060.134)
For documentation on this error, please visit: https://www.seleniumhq.org/exceptions/no_such_element.html
Build info: version: '3.141.59', revision: 'e82be7d358', time: '2018-11-14T08:17:03'
System info: host: 'SLIDEQA2', ip: '192.168.43.28', os.name: 'Windows 10', os.arch: 'amd64', os.version: '10.0', java.version: '17'
Driver info: org.openqa.selenium.chrome.ChromeDriver
Capabilities {acceptInsecureCerts: false, browserName: chrome, browserVersion: 103.0.5060.134, chrome: {chromedriverVersion: 103.0.5060.134 (8ec6fce403b..., userDataDir: C:\Users\SLIDEQ~1\AppData\L...}, goog:chromeOptions: {debuggerAddress: localhost:52826}, javascriptEnabled: true, networkConnectionEnabled: false, pageLoadStrategy: normal, platform: WINDOWS, platformName: WINDOWS, proxy: Proxy(), setWindowRect: true, strictFileInteractability: false, timeouts: {implicit: 0, pageLoad: 300000, script: 30000}, unhandledPromptBehavior: dismiss and notify, webauthn:extension:credBlob: true, webauthn:extension:largeBlob: true, webauthn:virtualAuthenticators: true}
Session ID: 8e110c0b90cd357c2507bdef4407079c
*** Element info: {Using=xpath, value=//button[@id='clicking']}
]]></error>
    <system-out><![CDATA[Bname=====https://www.slideteam.net/

@facebook_existing_paid_login
Scenario: Login with existing facebook paid account test &amp#27;[90m# src/test/java/Features/Facebook_existing_paid_login.feature:4&amp#27;[0m
  &amp#27;[32mGiven &amp#27;[0m&amp#27;[32mUser is home pagei&amp#27;[0m                               &amp#27;[90m# StepDefination.Facebook_existing_paid_login.user_is_home_pagei()&amp#27;[0m
  &amp#27;[32mThen &amp#27;[0m&amp#27;[32muser clicks on the Popular PPTsi&amp#27;[0m                  &amp#27;[90m# StepDefination.Facebook_existing_paid_login.user_clicks_on_the_popular_pp_tsi()&amp#27;[0m
user is on Login page
  &amp#27;[32mThen &amp#27;[0m&amp#27;[32mUser try to Download the ppti&amp#27;[0m                     &amp#27;[90m# StepDefination.Facebook_existing_paid_login.user_try_to_Download_the_ppti()&amp#27;[0m
Hi! I am on Home page
  &amp#27;[32mThen &amp#27;[0m&amp#27;[32muser is on Login pagei&amp#27;[0m                            &amp#27;[90m# StepDefination.Facebook_existing_paid_login.user_is_on_login_pagei()&amp#27;[0m
  &amp#27;[32mAnd &amp#27;[0m&amp#27;[32muser Enters the username and passwordi&amp#27;[0m             &amp#27;[90m# StepDefination.Facebook_existing_paid_login.user_Enters_the_username_and_passwordi()&amp#27;[0m
  &amp#27;[32mThen &amp#27;[0m&amp#27;[32muser clicks on Login buttoni&amp#27;[0m                      &amp#27;[90m# StepDefination.Facebook_existing_paid_login.user_clicks_on_Login_buttoni()&amp#27;[0m
  &amp#27;[31mThen &amp#27;[0m&amp#27;[31muser downloads the PPTi&amp#27;[0m                           &amp#27;[90m# StepDefination.Facebook_existing_paid_login.user_downloads_the_ppti()&amp#27;[0m
      &amp#27;[31morg.openqa.selenium.NoSuchElementException: no such element: Unable to locate element: {"method":"xpath","selector":"//button[@id='clicking']"}
  (Session info: chrome=103.0.5060.134)
For documentation on this error, please visit: https://www.seleniumhq.org/exceptions/no_such_element.html
Build info: version: '3.141.59', revision: 'e82be7d358', time: '2018-11-14T08:17:03'
System info: host: 'SLIDEQA2', ip: '192.168.43.28', os.name: 'Windows 10', os.arch: 'amd64', os.version: '10.0', java.version: '17'
Driver info: org.openqa.selenium.chrome.ChromeDriver
Capabilities {acceptInsecureCerts: false, browserName: chrome, browserVersion: 103.0.5060.134, chrome: {chromedriverVersion: 103.0.5060.134 (8ec6fce403b..., userDataDir: C:\Users\SLIDEQ~1\AppData\L...}, goog:chromeOptions: {debuggerAddress: localhost:52826}, javascriptEnabled: true, networkConnectionEnabled: false, pageLoadStrategy: normal, platform: WINDOWS, platformName: WINDOWS, proxy: Proxy(), setWindowRect: true, strictFileInteractability: false, timeouts: {implicit: 0, pageLoad: 300000, script: 30000}, unhandledPromptBehavior: dismiss and notify, webauthn:extension:credBlob: true, webauthn:extension:largeBlob: true, webauthn:virtualAuthenticators: true}
Session ID: 8e110c0b90cd357c2507bdef4407079c
*** Element info: {Using=xpath, value=//button[@id='clicking']}
	at java.base/jdk.internal.reflect.NativeConstructorAccessorImpl.newInstance0(Native Method)
	at java.base/jdk.internal.reflect.NativeConstructorAccessorImpl.newInstance(NativeConstructorAccessorImpl.java:77)
	at java.base/jdk.internal.reflect.DelegatingConstructorAccessorImpl.newInstance(DelegatingConstructorAccessorImpl.java:45)
	at java.base/java.lang.reflect.Constructor.newInstanceWithCaller(Constructor.java:499)
	at java.base/java.lang.reflect.Constructor.newInstance(Constructor.java:480)
	at org.openqa.selenium.remote.http.W3CHttpResponseCodec.createException(W3CHttpResponseCodec.java:187)
	at org.openqa.selenium.remote.http.W3CHttpResponseCodec.decode(W3CHttpResponseCodec.java:122)
	at org.openqa.selenium.remote.http.W3CHttpResponseCodec.decode(W3CHttpResponseCodec.java:49)
	at org.openqa.selenium.remote.HttpCommandExecutor.execute(HttpCommandExecutor.java:158)
	at org.openqa.selenium.remote.service.DriverCommandExecutor.execute(DriverCommandExecutor.java:83)
	at org.openqa.selenium.remote.RemoteWebDriver.execute(RemoteWebDriver.java:552)
	at org.openqa.selenium.remote.RemoteWebDriver.findElement(RemoteWebDriver.java:323)
	at org.openqa.selenium.remote.RemoteWebDriver.findElementByXPath(RemoteWebDriver.java:428)
	at org.openqa.selenium.By$ByXPath.findElement(By.java:353)
	at org.openqa.selenium.remote.RemoteWebDriver.findElement(RemoteWebDriver.java:315)
	at org.openqa.selenium.support.ui.ExpectedConditions$7.apply(ExpectedConditions.java:205)
	at org.openqa.selenium.support.ui.ExpectedConditions$7.apply(ExpectedConditions.java:201)
	at org.openqa.selenium.support.ui.ExpectedConditions$22.apply(ExpectedConditions.java:641)
	at org.openqa.selenium.support.ui.ExpectedConditions$22.apply(ExpectedConditions.java:638)
	at org.openqa.selenium.support.ui.FluentWait.until(FluentWait.java:249)
	at Setupclass.BaseClass.elementToBeClickable(BaseClass.java:144)
	at StepDefination.Facebook_existing_paid_login.user_downloads_the_ppti(Facebook_existing_paid_login.java:131)
	at âœ½.user downloads the PPTi(file:///D:/Selenium%20Live%20Projects/SlideTeamLoginTest/./src/test/java/Features/Facebook_existing_paid_login.feature:11)
&amp#27;[0m
  &amp#27;[36mThen &amp#27;[0m&amp#27;[36muser clicks on the Logout pagei&amp#27;[0m                   &amp#27;[90m# StepDefination.Facebook_existing_paid_login.user_clicks_on_the_logout_pagei()&amp#27;[0m
  &amp#27;[36mThen &amp#27;[0m&amp#27;[36mverify the Signout Messagei&amp#27;[0m                       &amp#27;[90m# StepDefination.Facebook_existing_paid_login.verify_the_Signout_Messagei()&amp#27;[0m

    Embedding screenshotName [image/png 181070 bytes]

]]></system-out>
    <system-err><![CDATA[Aug 01, 2022 5:15:07 PM io.cucumber.core.runtime.FeaturePathFeatureSupplier$FeatureBuilder addUnique
SEVERE: Duplicate feature found: file:///D:/Selenium%20Live%20Projects/SlideTeamLoginTest/./target/test-classes/Features/Facebook_existing_paid_login.feature was identical to file:///D:/Selenium%20Live%20Projects/SlideTeamLoginTest/./src/test/java/Features/Facebook_existing_paid_login.feature

This typically happens when you configure cucumber to look for features in the root of your project.
Your build tool creates a copy of these features in a 'target' or 'build'directory.

If your features are on the class path consider using a class path URI.
For example: 'classpath:com/example/app.feature'
Otherwise you'll have to provide a more specific location
Aug 01, 2022 5:15:07 PM io.cucumber.core.runtime.FeaturePathFeatureSupplier$FeatureBuilder addUnique
SEVERE: Duplicate feature found: file:///D:/Selenium%20Live%20Projects/SlideTeamLoginTest/./target/test-classes/Features/Facebook_free_login.feature was identical to file:///D:/Selenium%20Live%20Projects/SlideTeamLoginTest/./src/test/java/Features/Facebook_free_login.feature

This typically happens when you configure cucumber to look for features in the root of your project.
Your build tool creates a copy of these features in a 'target' or 'build'directory.

If your features are on the class path consider using a class path URI.
For example: 'classpath:com/example/app.feature'
Otherwise you'll have to provide a more specific location
Aug 01, 2022 5:15:07 PM io.cucumber.core.runtime.FeaturePathFeatureSupplier$FeatureBuilder addUnique
SEVERE: Duplicate feature found: file:///D:/Selenium%20Live%20Projects/SlideTeamLoginTest/./target/test-classes/Features/Facebook_paid_Login.feature was identical to file:///D:/Selenium%20Live%20Projects/SlideTeamLoginTest/./src/test/java/Features/Facebook_paid_Login.feature

This typically happens when you configure cucumber to look for features in the root of your project.
Your build tool creates a copy of these features in a 'target' or 'build'directory.

If your features are on the class path consider using a class path URI.
For example: 'classpath:com/example/app.feature'
Otherwise you'll have to provide a more specific location
Aug 01, 2022 5:15:07 PM io.cucumber.core.runtime.FeaturePathFeatureSupplier$FeatureBuilder addUnique
SEVERE: Duplicate feature found: file:///D:/Selenium%20Live%20Projects/SlideTeamLoginTest/./target/test-classes/Features/Google_existing_paid_login.feature was identical to file:///D:/Selenium%20Live%20Projects/SlideTeamLoginTest/./src/test/java/Features/Google_existing_paid_login.feature

This typically happens when you configure cucumber to look for features in the root of your project.
Your build tool creates a copy of these features in a 'target' or 'build'directory.

If your features are on the class path consider using a class path URI.
For example: 'classpath:com/example/app.feature'
Otherwise you'll have to provide a more specific location
Aug 01, 2022 5:15:07 PM io.cucumber.core.runtime.FeaturePathFeatureSupplier$FeatureBuilder addUnique
SEVERE: Duplicate feature found: file:///D:/Selenium%20Live%20Projects/SlideTeamLoginTest/./target/test-classes/Features/Google_free_login.feature was identical to file:///D:/Selenium%20Live%20Projects/SlideTeamLoginTest/./src/test/java/Features/Google_free_login.feature

This typically happens when you configure cucumber to look for features in the root of your project.
Your build tool creates a copy of these features in a 'target' or 'build'directory.

If your features are on the class path consider using a class path URI.
For example: 'classpath:com/example/app.feature'
Otherwise you'll have to provide a more specific location
Aug 01, 2022 5:15:07 PM io.cucumber.core.runtime.FeaturePathFeatureSupplier$FeatureBuilder addUnique
SEVERE: Duplicate feature found: file:///D:/Selenium%20Live%20Projects/SlideTeamLoginTest/./target/test-classes/Features/Google_paid_Login.feature was identical to file:///D:/Selenium%20Live%20Projects/SlideTeamLoginTest/./src/test/java/Features/Google_paid_Login.feature

This typically happens when you configure cucumber to look for features in the root of your project.
Your build tool creates a copy of these features in a 'target' or 'build'directory.

If your features are on the class path consider using a class path URI.
For example: 'classpath:com/example/app.feature'
Otherwise you'll have to provide a more specific location
Aug 01, 2022 5:15:07 PM io.cucumber.core.runtime.FeaturePathFeatureSupplier$FeatureBuilder addUnique
SEVERE: Duplicate feature found: file:///D:/Selenium%20Live%20Projects/SlideTeamLoginTest/./target/test-classes/Features/Normal_paid_login.feature was identical to file:///D:/Selenium%20Live%20Projects/SlideTeamLoginTest/./src/test/java/Features/Normal_paid_login.feature

This typically happens when you configure cucumber to look for features in the root of your project.
Your build tool creates a copy of these features in a 'target' or 'build'directory.

If your features are on the class path consider using a class path URI.
For example: 'classpath:com/example/app.feature'
Otherwise you'll have to provide a more specific location
Aug 01, 2022 5:15:07 PM io.cucumber.core.runtime.FeaturePathFeatureSupplier$FeatureBuilder addUnique
SEVERE: Duplicate feature found: file:///D:/Selenium%20Live%20Projects/SlideTeamLoginTest/./target/test-classes/Features/SLI_search_facebook_paid_login.feature was identical to file:///D:/Selenium%20Live%20Projects/SlideTeamLoginTest/./src/test/java/Features/SLI_search_facebook_paid_login.feature

This typically happens when you configure cucumber to look for features in the root of your project.
Your build tool creates a copy of these features in a 'target' or 'build'directory.

If your features are on the class path consider using a class path URI.
For example: 'classpath:com/example/app.feature'
Otherwise you'll have to provide a more specific location
Aug 01, 2022 5:15:07 PM io.cucumber.core.runtime.FeaturePathFeatureSupplier$FeatureBuilder addUnique
SEVERE: Duplicate feature found: file:///D:/Selenium%20Live%20Projects/SlideTeamLoginTest/./target/test-classes/Features/SLI_search_google_paid_login.feature was identical to file:///D:/Selenium%20Live%20Projects/SlideTeamLoginTest/./src/test/java/Features/SLI_search_google_paid_login.feature

This typically happens when you configure cucumber to look for features in the root of your project.
Your build tool creates a copy of these features in a 'target' or 'build'directory.

If your features are on the class path consider using a class path URI.
For example: 'classpath:com/example/app.feature'
Otherwise you'll have to provide a more specific location
[main] INFO io.github.bonigarcia.wdm.WebDriverManager - Using chromedriver 103.0.5060.134 (resolved driver for Chrome 103)
[main] INFO io.github.bonigarcia.wdm.WebDriverManager - Exporting webdriver.chrome.driver as C:\Users\SLIDE QA\.cache\selenium\chromedriver\win32\103.0.5060.134\chromedriver.exe
Aug 01, 2022 5:15:08 PM org.openqa.selenium.remote.DesiredCapabilities chrome
INFO: Using `new ChromeOptions()` is preferred to `DesiredCapabilities.chrome()`
Starting ChromeDriver 103.0.5060.134 (8ec6fce403b3feb0869b0732eda8bd95011d333c-refs/branch-heads/5060@{#1262}) on port 36031
Only local connections are allowed.
Please see https://chromedriver.chromium.org/security-considerations for suggestions on keeping ChromeDriver safe.
ChromeDriver was started successfully.
Aug 01, 2022 5:15:09 PM org.openqa.selenium.remote.ProtocolHandshake createSession
INFO: Detected dialect: W3C
log4j:WARN No appenders could be found for logger (org.junit.BeforeClass).
log4j:WARN Please initialize the log4j system properly.
log4j:WARN See http://logging.apache.org/log4j/1.2/faq.html#noconfig for more info.
]]></system-err>
  </testcase>
  <testcase name="Login with facebook free account" classname="Login with facebook free account test" time="90.153">
    <system-out><![CDATA[
@facebook_Free_login
Scenario: Login with facebook free account                        &amp#27;[90m# src/test/java/Features/Facebook_free_login.feature:4&amp#27;[0m
  &amp#27;[32mGiven &amp#27;[0m&amp#27;[32mUser is home page_ii&amp#27;[0m                                      &amp#27;[90m# StepDefination.Facebook_free_login.user_is_home_page_ii()&amp#27;[0m
  &amp#27;[32mThen &amp#27;[0m&amp#27;[32muser click on the Free PPts under free stuff_ii&amp#27;[0m            &amp#27;[90m# StepDefination.Facebook_free_login.user_click_on_the_free_ppts_under_free_stuff_ii()&amp#27;[0m
  &amp#27;[32mThen &amp#27;[0m&amp#27;[32mUser try to download the free ppts_ii&amp#27;[0m                      &amp#27;[90m# StepDefination.Facebook_free_login.user_try_to_download_the_free_ppts_ii()&amp#27;[0m
  &amp#27;[32mThen &amp#27;[0m&amp#27;[32muser is on home page page and click on facebbook button_ii&amp#27;[0m &amp#27;[90m# StepDefination.Facebook_free_login.user_is_on_home_page_page_and_click_on_facebbook_button_ii()&amp#27;[0m
  &amp#27;[32mAnd &amp#27;[0m&amp#27;[32muser enters the free username and password_ii&amp#27;[0m               &amp#27;[90m# StepDefination.Facebook_free_login.user_enters_the_free_username_and_password_ii()&amp#27;[0m
  &amp#27;[32mThen &amp#27;[0m&amp#27;[32muser clicks on Login button_ii&amp#27;[0m                             &amp#27;[90m# StepDefination.Facebook_free_login.user_clicks_on_login_button_ii()&amp#27;[0m
  &amp#27;[32mThen &amp#27;[0m&amp#27;[32muser downloads the free PPT_ii&amp#27;[0m                             &amp#27;[90m# StepDefination.Facebook_free_login.user_downloads_the_free_ppt_ii()&amp#27;[0m
  &amp#27;[32mThen &amp#27;[0m&amp#27;[32muser clicks on the logout page_ii&amp#27;[0m                          &amp#27;[90m# StepDefination.Facebook_free_login.user_clicks_on_the_logout_page_ii()&amp#27;[0m
logout= YOU ARE NOW LOGGED OUT  &amp#27;[32mThen &amp#27;[0m&amp#27;[32mverify The Message_ii&amp#27;[0m                                      &amp#27;[90m# StepDefination.Facebook_free_login.verify_The_Message_ii()&amp#27;[0m
]]></system-out>
  </testcase>
  <testcase name="Login with facebook paid account" classname="Login with facebook paid account test" time="80.525">
    <error message="Expected condition failed: waiting for element to be clickable: By.xpath: //h3[@class=&apos;base&apos;] (tried for 30 second(s) with 500 milliseconds interval)" type="org.openqa.selenium.TimeoutException"><![CDATA[org.openqa.selenium.TimeoutException: Expected condition failed: waiting for element to be clickable: By.xpath: //h3[@class='base'] (tried for 30 second(s) with 500 milliseconds interval)
Caused by: org.openqa.selenium.NoSuchElementException: 
no such element: Unable to locate element: {"method":"xpath","selector":"//h3[@class='base']"}
  (Session info: chrome=103.0.5060.134)
For documentation on this error, please visit: https://www.seleniumhq.org/exceptions/no_such_element.html
Build info: version: '3.141.59', revision: 'e82be7d358', time: '2018-11-14T08:17:03'
System info: host: 'SLIDEQA2', ip: '192.168.43.28', os.name: 'Windows 10', os.arch: 'amd64', os.version: '10.0', java.version: '17'
Driver info: org.openqa.selenium.chrome.ChromeDriver
Capabilities {acceptInsecureCerts: false, browserName: chrome, browserVersion: 103.0.5060.134, chrome: {chromedriverVersion: 103.0.5060.134 (8ec6fce403b..., userDataDir: C:\Users\SLIDEQ~1\AppData\L...}, goog:chromeOptions: {debuggerAddress: localhost:52826}, javascriptEnabled: true, networkConnectionEnabled: false, pageLoadStrategy: normal, platform: WINDOWS, platformName: WINDOWS, proxy: Proxy(), setWindowRect: true, strictFileInteractability: false, timeouts: {implicit: 0, pageLoad: 300000, script: 30000}, unhandledPromptBehavior: dismiss and notify, webauthn:extension:credBlob: true, webauthn:extension:largeBlob: true, webauthn:virtualAuthenticators: true}
Session ID: 8e110c0b90cd357c2507bdef4407079c
*** Element info: {Using=xpath, value=//h3[@class='base']}
]]></error>
    <system-out><![CDATA[
@facebook_paid_login
Scenario: Login with facebook paid account               &amp#27;[90m# src/test/java/Features/Facebook_paid_Login.feature:5&amp#27;[0m
  &amp#27;[32mGiven &amp#27;[0m&amp#27;[32mEnter the url&amp#27;[0m                                    &amp#27;[90m# StepDefination.Facebook_Paid_Login.enter_the_url()&amp#27;[0m
  &amp#27;[32mAnd &amp#27;[0m&amp#27;[32muser enters the Username and passwordiv&amp#27;[0m            &amp#27;[90m# StepDefination.Facebook_Paid_Login.user_enters_the_Username_and_passwordiv()&amp#27;[0m
  &amp#27;[31mThen &amp#27;[0m&amp#27;[31muser clicks on Login button and verify the pageiv&amp#27;[0m &amp#27;[90m# StepDefination.Facebook_Paid_Login.user_clicks_on_login_button_and_verify_the_pageiv()&amp#27;[0m
      &amp#27;[31morg.openqa.selenium.TimeoutException: Expected condition failed: waiting for element to be clickable: By.xpath: //h3[@class='base'] (tried for 30 second(s) with 500 milliseconds interval)
	at org.openqa.selenium.support.ui.WebDriverWait.timeoutException(WebDriverWait.java:95)
	at org.openqa.selenium.support.ui.FluentWait.until(FluentWait.java:272)
	at StepDefination.Facebook_Paid_Login.user_clicks_on_login_button_and_verify_the_pageiv(Facebook_Paid_Login.java:87)
	at âœ½.user clicks on Login button and verify the pageiv(file:///D:/Selenium%20Live%20Projects/SlideTeamLoginTest/./src/test/java/Features/Facebook_paid_Login.feature:8)
Caused by: org.openqa.selenium.NoSuchElementException: no such element: Unable to locate element: {"method":"xpath","selector":"//h3[@class='base']"}
  (Session info: chrome=103.0.5060.134)
For documentation on this error, please visit: https://www.seleniumhq.org/exceptions/no_such_element.html
Build info: version: '3.141.59', revision: 'e82be7d358', time: '2018-11-14T08:17:03'
System info: host: 'SLIDEQA2', ip: '192.168.43.28', os.name: 'Windows 10', os.arch: 'amd64', os.version: '10.0', java.version: '17'
Driver info: org.openqa.selenium.chrome.ChromeDriver
Capabilities {acceptInsecureCerts: false, browserName: chrome, browserVersion: 103.0.5060.134, chrome: {chromedriverVersion: 103.0.5060.134 (8ec6fce403b..., userDataDir: C:\Users\SLIDEQ~1\AppData\L...}, goog:chromeOptions: {debuggerAddress: localhost:52826}, javascriptEnabled: true, networkConnectionEnabled: false, pageLoadStrategy: normal, platform: WINDOWS, platformName: WINDOWS, proxy: Proxy(), setWindowRect: true, strictFileInteractability: false, timeouts: {implicit: 0, pageLoad: 300000, script: 30000}, unhandledPromptBehavior: dismiss and notify, webauthn:extension:credBlob: true, webauthn:extension:largeBlob: true, webauthn:virtualAuthenticators: true}
Session ID: 8e110c0b90cd357c2507bdef4407079c
*** Element info: {Using=xpath, value=//h3[@class='base']}
	at java.base/jdk.internal.reflect.NativeConstructorAccessorImpl.newInstance0(Native Method)
	at java.base/jdk.internal.reflect.NativeConstructorAccessorImpl.newInstance(NativeConstructorAccessorImpl.java:77)
	at java.base/jdk.internal.reflect.DelegatingConstructorAccessorImpl.newInstance(DelegatingConstructorAccessorImpl.java:45)
	at java.base/java.lang.reflect.Constructor.newInstanceWithCaller(Constructor.java:499)
	at java.base/java.lang.reflect.Constructor.newInstance(Constructor.java:480)
	at org.openqa.selenium.remote.http.W3CHttpResponseCodec.createException(W3CHttpResponseCodec.java:187)
	at org.openqa.selenium.remote.http.W3CHttpResponseCodec.decode(W3CHttpResponseCodec.java:122)
	at org.openqa.selenium.remote.http.W3CHttpResponseCodec.decode(W3CHttpResponseCodec.java:49)
	at org.openqa.selenium.remote.HttpCommandExecutor.execute(HttpCommandExecutor.java:158)
	at org.openqa.selenium.remote.service.DriverCommandExecutor.execute(DriverCommandExecutor.java:83)
	at org.openqa.selenium.remote.RemoteWebDriver.execute(RemoteWebDriver.java:552)
	at org.openqa.selenium.remote.RemoteWebDriver.findElement(RemoteWebDriver.java:323)
	at org.openqa.selenium.remote.RemoteWebDriver.findElementByXPath(RemoteWebDriver.java:428)
	at org.openqa.selenium.By$ByXPath.findElement(By.java:353)
	at org.openqa.selenium.remote.RemoteWebDriver.findElement(RemoteWebDriver.java:315)
	at org.openqa.selenium.support.ui.ExpectedConditions$7.apply(ExpectedConditions.java:205)
	at org.openqa.selenium.support.ui.ExpectedConditions$7.apply(ExpectedConditions.java:201)
	at org.openqa.selenium.support.ui.ExpectedConditions$22.apply(ExpectedConditions.java:641)
	at org.openqa.selenium.support.ui.ExpectedConditions$22.apply(ExpectedConditions.java:638)
	at org.openqa.selenium.support.ui.FluentWait.until(FluentWait.java:249)
	at StepDefination.Facebook_Paid_Login.user_clicks_on_login_button_and_verify_the_pageiv(Facebook_Paid_Login.java:87)
	at java.base/jdk.internal.reflect.NativeMethodAccessorImpl.invoke0(Native Method)
	at java.base/jdk.internal.reflect.NativeMethodAccessorImpl.invoke(NativeMethodAccessorImpl.java:77)
	at java.base/jdk.internal.reflect.DelegatingMethodAccessorImpl.invoke(DelegatingMethodAccessorImpl.java:43)
	at java.base/java.lang.reflect.Method.invoke(Method.java:568)
	at io.cucumber.java.Invoker.doInvoke(Invoker.java:66)
	at io.cucumber.java.Invoker.invoke(Invoker.java:24)
	at io.cucumber.java.AbstractGlueDefinition.invokeMethod(AbstractGlueDefinition.java:47)
	at io.cucumber.java.JavaStepDefinition.execute(JavaStepDefinition.java:29)
	at io.cucumber.core.runner.CoreStepDefinition.execute(CoreStepDefinition.java:66)
	at io.cucumber.core.runner.PickleStepDefinitionMatch.runStep(PickleStepDefinitionMatch.java:63)
	at io.cucumber.core.runner.ExecutionMode$1.execute(ExecutionMode.java:10)
	at io.cucumber.core.runner.TestStep.executeStep(TestStep.java:92)
	at io.cucumber.core.runner.TestStep.run(TestStep.java:64)
	at io.cucumber.core.runner.PickleStepTestStep.run(PickleStepTestStep.java:51)
	at io.cucumber.core.runner.TestCase.run(TestCase.java:104)
	at io.cucumber.core.runner.Runner.runPickle(Runner.java:73)
	at io.cucumber.junit.PickleRunners$NoStepDescriptions.run(PickleRunners.java:151)
	at io.cucumber.junit.FeatureRunner.runChild(FeatureRunner.java:135)
	at io.cucumber.junit.FeatureRunner.runChild(FeatureRunner.java:27)
	at org.junit.runners.ParentRunner$3.run(ParentRunner.java:290)
	at org.junit.runners.ParentRunner$1.schedule(ParentRunner.java:71)
	at org.junit.runners.ParentRunner.runChildren(ParentRunner.java:288)
	at org.junit.runners.ParentRunner.access$000(ParentRunner.java:58)
	at org.junit.runners.ParentRunner$2.evaluate(ParentRunner.java:268)
	at org.junit.runners.ParentRunner.run(ParentRunner.java:363)
	at io.cucumber.junit.Cucumber.runChild(Cucumber.java:200)
	at io.cucumber.junit.Cucumber.runChild(Cucumber.java:90)
	at org.junit.runners.ParentRunner$3.run(ParentRunner.java:290)
	at org.junit.runners.ParentRunner$1.schedule(ParentRunner.java:71)
	at org.junit.runners.ParentRunner.runChildren(ParentRunner.java:288)
	at org.junit.runners.ParentRunner.access$000(ParentRunner.java:58)
	at org.junit.runners.ParentRunner$2.evaluate(ParentRunner.java:268)
	at io.cucumber.junit.Cucumber$RunCucumber.evaluate(Cucumber.java:235)
	at org.junit.internal.runners.statements.RunBefores.evaluate(RunBefores.java:26)
	at org.junit.internal.runners.statements.RunAfters.evaluate(RunAfters.java:27)
	at org.junit.runners.ParentRunner.run(ParentRunner.java:363)
	at org.apache.maven.surefire.junit4.JUnit4Provider.execute(JUnit4Provider.java:364)
	at org.apache.maven.surefire.junit4.JUnit4Provider.executeWithRerun(JUnit4Provider.java:272)
	at org.apache.maven.surefire.junit4.JUnit4Provider.executeTestSet(JUnit4Provider.java:237)
	at org.apache.maven.surefire.junit4.JUnit4Provider.invoke(JUnit4Provider.java:158)
	at org.apache.maven.surefire.booter.ForkedBooter.runSuitesInProcess(ForkedBooter.java:428)
	at org.apache.maven.surefire.booter.ForkedBooter.execute(ForkedBooter.java:162)
	at org.apache.maven.surefire.booter.ForkedBooter.run(ForkedBooter.java:562)
	at org.apache.maven.surefire.booter.ForkedBooter.main(ForkedBooter.java:548)
&amp#27;[0m
  &amp#27;[36mThen &amp#27;[0m&amp#27;[36muser downloads the popular PPTiv&amp#27;[0m                  &amp#27;[90m# StepDefination.Facebook_Paid_Login.user_downloads_the_popular_ppiv()&amp#27;[0m
  &amp#27;[36mThen &amp#27;[0m&amp#27;[36muser clicks on the logout pageiv&amp#27;[0m                  &amp#27;[90m# StepDefination.Facebook_Paid_Login.user_clicks_on_the_logout_pageiv()&amp#27;[0m

    Embedding screenshotName [image/png 118275 bytes]

]]></system-out>
  </testcase>
  <testcase name="Login with Google existing paid account" classname="Login with Google existing paid account test" time="72.522">
    <error message="Expected condition failed: waiting for element to be clickable: By.cssSelector: #password &gt; div.aCsJod.oJeWuf &gt; div &gt; div.Xb9hP &gt; input (tried for 30 second(s) with 500 milliseconds interval)" type="org.openqa.selenium.TimeoutException"><![CDATA[org.openqa.selenium.TimeoutException: Expected condition failed: waiting for element to be clickable: By.cssSelector: #password > div.aCsJod.oJeWuf > div > div.Xb9hP > input (tried for 30 second(s) with 500 milliseconds interval)
Caused by: org.openqa.selenium.NoSuchWindowException: 
no such window: target window already closed
from unknown error: web view not found
  (Session info: chrome=103.0.5060.134)
Build info: version: '3.141.59', revision: 'e82be7d358', time: '2018-11-14T08:17:03'
System info: host: 'SLIDEQA2', ip: '192.168.43.28', os.name: 'Windows 10', os.arch: 'amd64', os.version: '10.0', java.version: '17'
Driver info: org.openqa.selenium.chrome.ChromeDriver
Capabilities {acceptInsecureCerts: false, browserName: chrome, browserVersion: 103.0.5060.134, chrome: {chromedriverVersion: 103.0.5060.134 (8ec6fce403b..., userDataDir: C:\Users\SLIDEQ~1\AppData\L...}, goog:chromeOptions: {debuggerAddress: localhost:52826}, javascriptEnabled: true, networkConnectionEnabled: false, pageLoadStrategy: normal, platform: WINDOWS, platformName: WINDOWS, proxy: Proxy(), setWindowRect: true, strictFileInteractability: false, timeouts: {implicit: 0, pageLoad: 300000, script: 30000}, unhandledPromptBehavior: dismiss and notify, webauthn:extension:credBlob: true, webauthn:extension:largeBlob: true, webauthn:virtualAuthenticators: true}
Session ID: 8e110c0b90cd357c2507bdef4407079c
*** Element info: {Using=css selector, value=#password > div.aCsJod.oJeWuf > div > div.Xb9hP > input}
]]></error>
    <system-out><![CDATA[
@Google_existing_paid_login
Scenario: Login with Google existing paid account                      &amp#27;[90m# src/test/java/Features/Google_existing_paid_login.feature:4&amp#27;[0m
  &amp#27;[32mGiven &amp#27;[0m&amp#27;[32mUser is home pageiii&amp#27;[0m                                           &amp#27;[90m# StepDefination.Google_existing_paid_login.user_is_home_pageiii()&amp#27;[0m
  &amp#27;[32mThen &amp#27;[0m&amp#27;[32muser click on the Popular PPTsiii&amp#27;[0m                               &amp#27;[90m# StepDefination.Google_existing_paid_login.user_click_on_the_popular_PPsiii()&amp#27;[0m
  &amp#27;[32mThen &amp#27;[0m&amp#27;[32mUser try to download the pptiii&amp#27;[0m                                 &amp#27;[90m# StepDefination.Google_existing_paid_login.user_try_to_download_the_pptiii()&amp#27;[0m
  &amp#27;[32mThen &amp#27;[0m&amp#27;[32muser is on Login page and click on Signin with google buttoniii&amp#27;[0m &amp#27;[90m# StepDefination.Google_existing_paid_login.user_is_on_login_page_and_click_on_sigin_with_google_buttoniii()&amp#27;[0m
  &amp#27;[31mAnd &amp#27;[0m&amp#27;[31muser enters the username and passwordiii&amp#27;[0m                         &amp#27;[90m# StepDefination.Google_existing_paid_login.user_enters_the_username_and_passwordiii()&amp#27;[0m
      &amp#27;[31morg.openqa.selenium.TimeoutException: Expected condition failed: waiting for element to be clickable: By.cssSelector: #password > div.aCsJod.oJeWuf > div > div.Xb9hP > input (tried for 30 second(s) with 500 milliseconds interval)
	at org.openqa.selenium.support.ui.WebDriverWait.timeoutException(WebDriverWait.java:95)
	at org.openqa.selenium.support.ui.FluentWait.until(FluentWait.java:272)
	at StepDefination.Google_existing_paid_login.user_enters_the_username_and_passwordiii(Google_existing_paid_login.java:93)
	at âœ½.user enters the username and passwordiii(file:///D:/Selenium%20Live%20Projects/SlideTeamLoginTest/./src/test/java/Features/Google_existing_paid_login.feature:9)
Caused by: org.openqa.selenium.NoSuchWindowException: no such window: target window already closed
from unknown error: web view not found
  (Session info: chrome=103.0.5060.134)
Build info: version: '3.141.59', revision: 'e82be7d358', time: '2018-11-14T08:17:03'
System info: host: 'SLIDEQA2', ip: '192.168.43.28', os.name: 'Windows 10', os.arch: 'amd64', os.version: '10.0', java.version: '17'
Driver info: org.openqa.selenium.chrome.ChromeDriver
Capabilities {acceptInsecureCerts: false, browserName: chrome, browserVersion: 103.0.5060.134, chrome: {chromedriverVersion: 103.0.5060.134 (8ec6fce403b..., userDataDir: C:\Users\SLIDEQ~1\AppData\L...}, goog:chromeOptions: {debuggerAddress: localhost:52826}, javascriptEnabled: true, networkConnectionEnabled: false, pageLoadStrategy: normal, platform: WINDOWS, platformName: WINDOWS, proxy: Proxy(), setWindowRect: true, strictFileInteractability: false, timeouts: {implicit: 0, pageLoad: 300000, script: 30000}, unhandledPromptBehavior: dismiss and notify, webauthn:extension:credBlob: true, webauthn:extension:largeBlob: true, webauthn:virtualAuthenticators: true}
Session ID: 8e110c0b90cd357c2507bdef4407079c
*** Element info: {Using=css selector, value=#password > div.aCsJod.oJeWuf > div > div.Xb9hP > input}
	at jdk.internal.reflect.GeneratedConstructorAccessor10.newInstance(Unknown Source)
	at java.base/jdk.internal.reflect.DelegatingConstructorAccessorImpl.newInstance(DelegatingConstructorAccessorImpl.java:45)
	at java.base/java.lang.reflect.Constructor.newInstanceWithCaller(Constructor.java:499)
	at java.base/java.lang.reflect.Constructor.newInstance(Constructor.java:480)
	at org.openqa.selenium.remote.http.W3CHttpResponseCodec.createException(W3CHttpResponseCodec.java:187)
	at org.openqa.selenium.remote.http.W3CHttpResponseCodec.decode(W3CHttpResponseCodec.java:122)
	at org.openqa.selenium.remote.http.W3CHttpResponseCodec.decode(W3CHttpResponseCodec.java:49)
	at org.openqa.selenium.remote.HttpCommandExecutor.execute(HttpCommandExecutor.java:158)
	at org.openqa.selenium.remote.service.DriverCommandExecutor.execute(DriverCommandExecutor.java:83)
	at org.openqa.selenium.remote.RemoteWebDriver.execute(RemoteWebDriver.java:552)
	at org.openqa.selenium.remote.RemoteWebDriver.findElement(RemoteWebDriver.java:323)
	at org.openqa.selenium.remote.RemoteWebDriver.findElementByCssSelector(RemoteWebDriver.java:420)
	at org.openqa.selenium.By$ByCssSelector.findElement(By.java:431)
	at org.openqa.selenium.remote.RemoteWebDriver.findElement(RemoteWebDriver.java:315)
	at org.openqa.selenium.support.ui.ExpectedConditions$7.apply(ExpectedConditions.java:205)
	at org.openqa.selenium.support.ui.ExpectedConditions$7.apply(ExpectedConditions.java:201)
	at org.openqa.selenium.support.ui.ExpectedConditions$22.apply(ExpectedConditions.java:641)
	at org.openqa.selenium.support.ui.ExpectedConditions$22.apply(ExpectedConditions.java:638)
	at org.openqa.selenium.support.ui.FluentWait.until(FluentWait.java:249)
	at StepDefination.Google_existing_paid_login.user_enters_the_username_and_passwordiii(Google_existing_paid_login.java:93)
	at java.base/jdk.internal.reflect.NativeMethodAccessorImpl.invoke0(Native Method)
	at java.base/jdk.internal.reflect.NativeMethodAccessorImpl.invoke(NativeMethodAccessorImpl.java:77)
	at java.base/jdk.internal.reflect.DelegatingMethodAccessorImpl.invoke(DelegatingMethodAccessorImpl.java:43)
	at java.base/java.lang.reflect.Method.invoke(Method.java:568)
	at io.cucumber.java.Invoker.doInvoke(Invoker.java:66)
	at io.cucumber.java.Invoker.invoke(Invoker.java:24)
	at io.cucumber.java.AbstractGlueDefinition.invokeMethod(AbstractGlueDefinition.java:47)
	at io.cucumber.java.JavaStepDefinition.execute(JavaStepDefinition.java:29)
	at io.cucumber.core.runner.CoreStepDefinition.execute(CoreStepDefinition.java:66)
	at io.cucumber.core.runner.PickleStepDefinitionMatch.runStep(PickleStepDefinitionMatch.java:63)
	at io.cucumber.core.runner.ExecutionMode$1.execute(ExecutionMode.java:10)
	at io.cucumber.core.runner.TestStep.executeStep(TestStep.java:92)
	at io.cucumber.core.runner.TestStep.run(TestStep.java:64)
	at io.cucumber.core.runner.PickleStepTestStep.run(PickleStepTestStep.java:51)
	at io.cucumber.core.runner.TestCase.run(TestCase.java:104)
	at io.cucumber.core.runner.Runner.runPickle(Runner.java:73)
	at io.cucumber.junit.PickleRunners$NoStepDescriptions.run(PickleRunners.java:151)
	at io.cucumber.junit.FeatureRunner.runChild(FeatureRunner.java:135)
	at io.cucumber.junit.FeatureRunner.runChild(FeatureRunner.java:27)
	at org.junit.runners.ParentRunner$3.run(ParentRunner.java:290)
	at org.junit.runners.ParentRunner$1.schedule(ParentRunner.java:71)
	at org.junit.runners.ParentRunner.runChildren(ParentRunner.java:288)
	at org.junit.runners.ParentRunner.access$000(ParentRunner.java:58)
	at org.junit.runners.ParentRunner$2.evaluate(ParentRunner.java:268)
	at org.junit.runners.ParentRunner.run(ParentRunner.java:363)
	at io.cucumber.junit.Cucumber.runChild(Cucumber.java:200)
	at io.cucumber.junit.Cucumber.runChild(Cucumber.java:90)
	at org.junit.runners.ParentRunner$3.run(ParentRunner.java:290)
	at org.junit.runners.ParentRunner$1.schedule(ParentRunner.java:71)
	at org.junit.runners.ParentRunner.runChildren(ParentRunner.java:288)
	at org.junit.runners.ParentRunner.access$000(ParentRunner.java:58)
	at org.junit.runners.ParentRunner$2.evaluate(ParentRunner.java:268)
	at io.cucumber.junit.Cucumber$RunCucumber.evaluate(Cucumber.java:235)
	at org.junit.internal.runners.statements.RunBefores.evaluate(RunBefores.java:26)
	at org.junit.internal.runners.statements.RunAfters.evaluate(RunAfters.java:27)
	at org.junit.runners.ParentRunner.run(ParentRunner.java:363)
	at org.apache.maven.surefire.junit4.JUnit4Provider.execute(JUnit4Provider.java:364)
	at org.apache.maven.surefire.junit4.JUnit4Provider.executeWithRerun(JUnit4Provider.java:272)
	at org.apache.maven.surefire.junit4.JUnit4Provider.executeTestSet(JUnit4Provider.java:237)
	at org.apache.maven.surefire.junit4.JUnit4Provider.invoke(JUnit4Provider.java:158)
	at org.apache.maven.surefire.booter.ForkedBooter.runSuitesInProcess(ForkedBooter.java:428)
	at org.apache.maven.surefire.booter.ForkedBooter.execute(ForkedBooter.java:162)
	at org.apache.maven.surefire.booter.ForkedBooter.run(ForkedBooter.java:562)
	at org.apache.maven.surefire.booter.ForkedBooter.main(ForkedBooter.java:548)
&amp#27;[0m
  &amp#27;[36mThen &amp#27;[0m&amp#27;[36muser downloads the PPTiii&amp#27;[0m                                       &amp#27;[90m# StepDefination.Google_existing_paid_login.user_downloads_the_pptiii()&amp#27;[0m
  &amp#27;[36mThen &amp#27;[0m&amp#27;[36muser clicks on the Logout pageiii&amp#27;[0m                               &amp#27;[90m# StepDefination.Google_existing_paid_login.user_clicks_on_the_logout_pageiii()&amp#27;[0m
  &amp#27;[36mThen &amp#27;[0m&amp#27;[36mverify the messageiii&amp#27;[0m                                           &amp#27;[90m# StepDefination.Google_existing_paid_login.verify_the_messageiii()&amp#27;[0m
      &amp#27;[31morg.openqa.selenium.NoSuchWindowException: no such window: target window already closed
from unknown error: web view not found
  (Session info: chrome=103.0.5060.134)
Build info: version: '3.141.59', revision: 'e82be7d358', time: '2018-11-14T08:17:03'
System info: host: 'SLIDEQA2', ip: '192.168.43.28', os.name: 'Windows 10', os.arch: 'amd64', os.version: '10.0', java.version: '17'
Driver info: org.openqa.selenium.chrome.ChromeDriver
Capabilities {acceptInsecureCerts: false, browserName: chrome, browserVersion: 103.0.5060.134, chrome: {chromedriverVersion: 103.0.5060.134 (8ec6fce403b..., userDataDir: C:\Users\SLIDEQ~1\AppData\L...}, goog:chromeOptions: {debuggerAddress: localhost:52826}, javascriptEnabled: true, networkConnectionEnabled: false, pageLoadStrategy: normal, platform: WINDOWS, platformName: WINDOWS, proxy: Proxy(), setWindowRect: true, strictFileInteractability: false, timeouts: {implicit: 0, pageLoad: 300000, script: 30000}, unhandledPromptBehavior: dismiss and notify, webauthn:extension:credBlob: true, webauthn:extension:largeBlob: true, webauthn:virtualAuthenticators: true}
Session ID: 8e110c0b90cd357c2507bdef4407079c
	at jdk.internal.reflect.GeneratedConstructorAccessor10.newInstance(Unknown Source)
	at java.base/jdk.internal.reflect.DelegatingConstructorAccessorImpl.newInstance(DelegatingConstructorAccessorImpl.java:45)
	at java.base/java.lang.reflect.Constructor.newInstanceWithCaller(Constructor.java:499)
	at java.base/java.lang.reflect.Constructor.newInstance(Constructor.java:480)
	at org.openqa.selenium.remote.http.W3CHttpResponseCodec.createException(W3CHttpResponseCodec.java:187)
	at org.openqa.selenium.remote.http.W3CHttpResponseCodec.decode(W3CHttpResponseCodec.java:122)
	at org.openqa.selenium.remote.http.W3CHttpResponseCodec.decode(W3CHttpResponseCodec.java:49)
	at org.openqa.selenium.remote.HttpCommandExecutor.execute(HttpCommandExecutor.java:158)
	at org.openqa.selenium.remote.service.DriverCommandExecutor.execute(DriverCommandExecutor.java:83)
	at org.openqa.selenium.remote.RemoteWebDriver.execute(RemoteWebDriver.java:552)
	at org.openqa.selenium.remote.RemoteWebDriver.execute(RemoteWebDriver.java:609)
	at org.openqa.selenium.remote.RemoteWebDriver.getScreenshotAs(RemoteWebDriver.java:295)
	at StepDefination.TakeImageStep.tearDown(TakeImageStep.java:21)
&amp#27;[0m
]]></system-out>
  </testcase>
  <testcase name="Login with Google existing paid account" classname="Login with Google existing paid account test" time="72.522">
    <error message="no such window: target window already closed&#10;from unknown error: web view not found&#10;  (Session info: chrome=103.0.5060.134)&#10;Build info: version: &apos;3.141.59&apos;, revision: &apos;e82be7d358&apos;, time: &apos;2018-11-14T08:17:03&apos;&#10;System info: host: &apos;SLIDEQA2&apos;, ip: &apos;192.168.43.28&apos;, os.name: &apos;Windows 10&apos;, os.arch: &apos;amd64&apos;, os.version: &apos;10.0&apos;, java.version: &apos;17&apos;&#10;Driver info: org.openqa.selenium.chrome.ChromeDriver&#10;Capabilities {acceptInsecureCerts: false, browserName: chrome, browserVersion: 103.0.5060.134, chrome: {chromedriverVersion: 103.0.5060.134 (8ec6fce403b..., userDataDir: C:\Users\SLIDEQ~1\AppData\L...}, goog:chromeOptions: {debuggerAddress: localhost:52826}, javascriptEnabled: true, networkConnectionEnabled: false, pageLoadStrategy: normal, platform: WINDOWS, platformName: WINDOWS, proxy: Proxy(), setWindowRect: true, strictFileInteractability: false, timeouts: {implicit: 0, pageLoad: 300000, script: 30000}, unhandledPromptBehavior: dismiss and notify, webauthn:extension:credBlob: true, webauthn:extension:largeBlob: true, webauthn:virtualAuthenticators: true}&#10;Session ID: 8e110c0b90cd357c2507bdef4407079c" type="org.openqa.selenium.NoSuchWindowException"><![CDATA[org.openqa.selenium.NoSuchWindowException: 
no such window: target window already closed
from unknown error: web view not found
  (Session info: chrome=103.0.5060.134)
Build info: version: '3.141.59', revision: 'e82be7d358', time: '2018-11-14T08:17:03'
System info: host: 'SLIDEQA2', ip: '192.168.43.28', os.name: 'Windows 10', os.arch: 'amd64', os.version: '10.0', java.version: '17'
Driver info: org.openqa.selenium.chrome.ChromeDriver
Capabilities {acceptInsecureCerts: false, browserName: chrome, browserVersion: 103.0.5060.134, chrome: {chromedriverVersion: 103.0.5060.134 (8ec6fce403b..., userDataDir: C:\Users\SLIDEQ~1\AppData\L...}, goog:chromeOptions: {debuggerAddress: localhost:52826}, javascriptEnabled: true, networkConnectionEnabled: false, pageLoadStrategy: normal, platform: WINDOWS, platformName: WINDOWS, proxy: Proxy(), setWindowRect: true, strictFileInteractability: false, timeouts: {implicit: 0, pageLoad: 300000, script: 30000}, unhandledPromptBehavior: dismiss and notify, webauthn:extension:credBlob: true, webauthn:extension:largeBlob: true, webauthn:virtualAuthenticators: true}
Session ID: 8e110c0b90cd357c2507bdef4407079c
]]></error>
  </testcase>
  <testcase name="Login with Google free account" classname="Login with Google free account test" time="2.025">
    <error message="no such window: target window already closed&#10;from unknown error: web view not found&#10;  (Session info: chrome=103.0.5060.134)&#10;Build info: version: &apos;3.141.59&apos;, revision: &apos;e82be7d358&apos;, time: &apos;2018-11-14T08:17:03&apos;&#10;System info: host: &apos;SLIDEQA2&apos;, ip: &apos;192.168.43.28&apos;, os.name: &apos;Windows 10&apos;, os.arch: &apos;amd64&apos;, os.version: &apos;10.0&apos;, java.version: &apos;17&apos;&#10;Driver info: org.openqa.selenium.chrome.ChromeDriver&#10;Capabilities {acceptInsecureCerts: false, browserName: chrome, browserVersion: 103.0.5060.134, chrome: {chromedriverVersion: 103.0.5060.134 (8ec6fce403b..., userDataDir: C:\Users\SLIDEQ~1\AppData\L...}, goog:chromeOptions: {debuggerAddress: localhost:52826}, javascriptEnabled: true, networkConnectionEnabled: false, pageLoadStrategy: normal, platform: WINDOWS, platformName: WINDOWS, proxy: Proxy(), setWindowRect: true, strictFileInteractability: false, timeouts: {implicit: 0, pageLoad: 300000, script: 30000}, unhandledPromptBehavior: dismiss and notify, webauthn:extension:credBlob: true, webauthn:extension:largeBlob: true, webauthn:virtualAuthenticators: true}&#10;Session ID: 8e110c0b90cd357c2507bdef4407079c" type="org.openqa.selenium.NoSuchWindowException"><![CDATA[org.openqa.selenium.NoSuchWindowException: 
no such window: target window already closed
from unknown error: web view not found
  (Session info: chrome=103.0.5060.134)
Build info: version: '3.141.59', revision: 'e82be7d358', time: '2018-11-14T08:17:03'
System info: host: 'SLIDEQA2', ip: '192.168.43.28', os.name: 'Windows 10', os.arch: 'amd64', os.version: '10.0', java.version: '17'
Driver info: org.openqa.selenium.chrome.ChromeDriver
Capabilities {acceptInsecureCerts: false, browserName: chrome, browserVersion: 103.0.5060.134, chrome: {chromedriverVersion: 103.0.5060.134 (8ec6fce403b..., userDataDir: C:\Users\SLIDEQ~1\AppData\L...}, goog:chromeOptions: {debuggerAddress: localhost:52826}, javascriptEnabled: true, networkConnectionEnabled: false, pageLoadStrategy: normal, platform: WINDOWS, platformName: WINDOWS, proxy: Proxy(), setWindowRect: true, strictFileInteractability: false, timeouts: {implicit: 0, pageLoad: 300000, script: 30000}, unhandledPromptBehavior: dismiss and notify, webauthn:extension:credBlob: true, webauthn:extension:largeBlob: true, webauthn:virtualAuthenticators: true}
Session ID: 8e110c0b90cd357c2507bdef4407079c
]]></error>
    <system-out><![CDATA[
@Google_Free_login
Scenario: Login with Google free account                       &amp#27;[90m# src/test/java/Features/Google_free_login.feature:4&amp#27;[0m
  &amp#27;[31mGiven &amp#27;[0m&amp#27;[31mUser is home pageiiv&amp#27;[0m                                   &amp#27;[90m# StepDefination.Google_free_login.user_is_home_pageiiv()&amp#27;[0m
      &amp#27;[31morg.openqa.selenium.NoSuchWindowException: no such window: target window already closed
from unknown error: web view not found
  (Session info: chrome=103.0.5060.134)
Build info: version: '3.141.59', revision: 'e82be7d358', time: '2018-11-14T08:17:03'
System info: host: 'SLIDEQA2', ip: '192.168.43.28', os.name: 'Windows 10', os.arch: 'amd64', os.version: '10.0', java.version: '17'
Driver info: org.openqa.selenium.chrome.ChromeDriver
Capabilities {acceptInsecureCerts: false, browserName: chrome, browserVersion: 103.0.5060.134, chrome: {chromedriverVersion: 103.0.5060.134 (8ec6fce403b..., userDataDir: C:\Users\SLIDEQ~1\AppData\L...}, goog:chromeOptions: {debuggerAddress: localhost:52826}, javascriptEnabled: true, networkConnectionEnabled: false, pageLoadStrategy: normal, platform: WINDOWS, platformName: WINDOWS, proxy: Proxy(), setWindowRect: true, strictFileInteractability: false, timeouts: {implicit: 0, pageLoad: 300000, script: 30000}, unhandledPromptBehavior: dismiss and notify, webauthn:extension:credBlob: true, webauthn:extension:largeBlob: true, webauthn:virtualAuthenticators: true}
Session ID: 8e110c0b90cd357c2507bdef4407079c
	at jdk.internal.reflect.GeneratedConstructorAccessor10.newInstance(Unknown Source)
	at java.base/jdk.internal.reflect.DelegatingConstructorAccessorImpl.newInstance(DelegatingConstructorAccessorImpl.java:45)
	at java.base/java.lang.reflect.Constructor.newInstanceWithCaller(Constructor.java:499)
	at java.base/java.lang.reflect.Constructor.newInstance(Constructor.java:480)
	at org.openqa.selenium.remote.http.W3CHttpResponseCodec.createException(W3CHttpResponseCodec.java:187)
	at org.openqa.selenium.remote.http.W3CHttpResponseCodec.decode(W3CHttpResponseCodec.java:122)
	at org.openqa.selenium.remote.http.W3CHttpResponseCodec.decode(W3CHttpResponseCodec.java:49)
	at org.openqa.selenium.remote.HttpCommandExecutor.execute(HttpCommandExecutor.java:158)
	at org.openqa.selenium.remote.service.DriverCommandExecutor.execute(DriverCommandExecutor.java:83)
	at org.openqa.selenium.remote.RemoteWebDriver.execute(RemoteWebDriver.java:552)
	at org.openqa.selenium.remote.RemoteWebDriver.get(RemoteWebDriver.java:277)
	at Setupclass.BaseClass.ClearGoggleCache(BaseClass.java:130)
	at StepDefination.Google_free_login.user_is_home_pageiiv(Google_free_login.java:23)
	at âœ½.User is home pageiiv(file:///D:/Selenium%20Live%20Projects/SlideTeamLoginTest/./src/test/java/Features/Google_free_login.feature:5)
&amp#27;[0m
  &amp#27;[36mThen &amp#27;[0m&amp#27;[36muser click on the Free PPts under free stuffiiv&amp#27;[0m         &amp#27;[90m# StepDefination.Google_free_login.user_click_on_the_free_p_pts_under_free_stuffiiv()&amp#27;[0m
  &amp#27;[36mThen &amp#27;[0m&amp#27;[36mUser try to download the free pptsiiv&amp#27;[0m                   &amp#27;[90m# StepDefination.Google_free_login.user_try_to_download_the_free_pptsiiv()&amp#27;[0m
  &amp#27;[36mThen &amp#27;[0m&amp#27;[36muser is on home page page and click on google buttoniiv&amp#27;[0m &amp#27;[90m# StepDefination.Google_free_login.user_is_on_home_page_page_and_click_on_google_buttoniiv()&amp#27;[0m
  &amp#27;[36mAnd &amp#27;[0m&amp#27;[36muser Enters the free username and passwordiiv&amp#27;[0m            &amp#27;[90m# StepDefination.Google_free_login.user_Enters_the_free_username_and_passwordiiv()&amp#27;[0m
  &amp#27;[36mThen &amp#27;[0m&amp#27;[36muser downloads the free PPTiiv&amp#27;[0m                          &amp#27;[90m# StepDefination.Google_free_login.user_downloads_the_free_pptiiv()&amp#27;[0m
  &amp#27;[36mThen &amp#27;[0m&amp#27;[36muser clicks on the Logout pageiiv&amp#27;[0m                       &amp#27;[90m# StepDefination.Google_free_login.user_clicks_on_the_logout_pageiiv()&amp#27;[0m
  &amp#27;[36mThen &amp#27;[0m&amp#27;[36mverify the messageiiv&amp#27;[0m                                   &amp#27;[90m# StepDefination.Google_free_login.verify_the_messageiiv()&amp#27;[0m
      &amp#27;[31morg.openqa.selenium.NoSuchWindowException: no such window: target window already closed
from unknown error: web view not found
  (Session info: chrome=103.0.5060.134)
Build info: version: '3.141.59', revision: 'e82be7d358', time: '2018-11-14T08:17:03'
System info: host: 'SLIDEQA2', ip: '192.168.43.28', os.name: 'Windows 10', os.arch: 'amd64', os.version: '10.0', java.version: '17'
Driver info: org.openqa.selenium.chrome.ChromeDriver
Capabilities {acceptInsecureCerts: false, browserName: chrome, browserVersion: 103.0.5060.134, chrome: {chromedriverVersion: 103.0.5060.134 (8ec6fce403b..., userDataDir: C:\Users\SLIDEQ~1\AppData\L...}, goog:chromeOptions: {debuggerAddress: localhost:52826}, javascriptEnabled: true, networkConnectionEnabled: false, pageLoadStrategy: normal, platform: WINDOWS, platformName: WINDOWS, proxy: Proxy(), setWindowRect: true, strictFileInteractability: false, timeouts: {implicit: 0, pageLoad: 300000, script: 30000}, unhandledPromptBehavior: dismiss and notify, webauthn:extension:credBlob: true, webauthn:extension:largeBlob: true, webauthn:virtualAuthenticators: true}
Session ID: 8e110c0b90cd357c2507bdef4407079c
	at jdk.internal.reflect.GeneratedConstructorAccessor10.newInstance(Unknown Source)
	at java.base/jdk.internal.reflect.DelegatingConstructorAccessorImpl.newInstance(DelegatingConstructorAccessorImpl.java:45)
	at java.base/java.lang.reflect.Constructor.newInstanceWithCaller(Constructor.java:499)
	at java.base/java.lang.reflect.Constructor.newInstance(Constructor.java:480)
	at org.openqa.selenium.remote.http.W3CHttpResponseCodec.createException(W3CHttpResponseCodec.java:187)
	at org.openqa.selenium.remote.http.W3CHttpResponseCodec.decode(W3CHttpResponseCodec.java:122)
	at org.openqa.selenium.remote.http.W3CHttpResponseCodec.decode(W3CHttpResponseCodec.java:49)
	at org.openqa.selenium.remote.HttpCommandExecutor.execute(HttpCommandExecutor.java:158)
	at org.openqa.selenium.remote.service.DriverCommandExecutor.execute(DriverCommandExecutor.java:83)
	at org.openqa.selenium.remote.RemoteWebDriver.execute(RemoteWebDriver.java:552)
	at org.openqa.selenium.remote.RemoteWebDriver.execute(RemoteWebDriver.java:609)
	at org.openqa.selenium.remote.RemoteWebDriver.getScreenshotAs(RemoteWebDriver.java:295)
	at StepDefination.TakeImageStep.tearDown(TakeImageStep.java:21)
&amp#27;[0m
]]></system-out>
  </testcase>
  <testcase name="Login with Google free account" classname="Login with Google free account test" time="2.025">
    <error message="no such window: target window already closed&#10;from unknown error: web view not found&#10;  (Session info: chrome=103.0.5060.134)&#10;Build info: version: &apos;3.141.59&apos;, revision: &apos;e82be7d358&apos;, time: &apos;2018-11-14T08:17:03&apos;&#10;System info: host: &apos;SLIDEQA2&apos;, ip: &apos;192.168.43.28&apos;, os.name: &apos;Windows 10&apos;, os.arch: &apos;amd64&apos;, os.version: &apos;10.0&apos;, java.version: &apos;17&apos;&#10;Driver info: org.openqa.selenium.chrome.ChromeDriver&#10;Capabilities {acceptInsecureCerts: false, browserName: chrome, browserVersion: 103.0.5060.134, chrome: {chromedriverVersion: 103.0.5060.134 (8ec6fce403b..., userDataDir: C:\Users\SLIDEQ~1\AppData\L...}, goog:chromeOptions: {debuggerAddress: localhost:52826}, javascriptEnabled: true, networkConnectionEnabled: false, pageLoadStrategy: normal, platform: WINDOWS, platformName: WINDOWS, proxy: Proxy(), setWindowRect: true, strictFileInteractability: false, timeouts: {implicit: 0, pageLoad: 300000, script: 30000}, unhandledPromptBehavior: dismiss and notify, webauthn:extension:credBlob: true, webauthn:extension:largeBlob: true, webauthn:virtualAuthenticators: true}&#10;Session ID: 8e110c0b90cd357c2507bdef4407079c" type="org.openqa.selenium.NoSuchWindowException"><![CDATA[org.openqa.selenium.NoSuchWindowException: 
no such window: target window already closed
from unknown error: web view not found
  (Session info: chrome=103.0.5060.134)
Build info: version: '3.141.59', revision: 'e82be7d358', time: '2018-11-14T08:17:03'
System info: host: 'SLIDEQA2', ip: '192.168.43.28', os.name: 'Windows 10', os.arch: 'amd64', os.version: '10.0', java.version: '17'
Driver info: org.openqa.selenium.chrome.ChromeDriver
Capabilities {acceptInsecureCerts: false, browserName: chrome, browserVersion: 103.0.5060.134, chrome: {chromedriverVersion: 103.0.5060.134 (8ec6fce403b..., userDataDir: C:\Users\SLIDEQ~1\AppData\L...}, goog:chromeOptions: {debuggerAddress: localhost:52826}, javascriptEnabled: true, networkConnectionEnabled: false, pageLoadStrategy: normal, platform: WINDOWS, platformName: WINDOWS, proxy: Proxy(), setWindowRect: true, strictFileInteractability: false, timeouts: {implicit: 0, pageLoad: 300000, script: 30000}, unhandledPromptBehavior: dismiss and notify, webauthn:extension:credBlob: true, webauthn:extension:largeBlob: true, webauthn:virtualAuthenticators: true}
Session ID: 8e110c0b90cd357c2507bdef4407079c
]]></error>
  </testcase>
  <testcase name="Login with google paid account test" classname="Login with google paid account test" time="2.026">
    <error message="no such window: target window already closed&#10;from unknown error: web view not found&#10;  (Session info: chrome=103.0.5060.134)&#10;Build info: version: &apos;3.141.59&apos;, revision: &apos;e82be7d358&apos;, time: &apos;2018-11-14T08:17:03&apos;&#10;System info: host: &apos;SLIDEQA2&apos;, ip: &apos;192.168.43.28&apos;, os.name: &apos;Windows 10&apos;, os.arch: &apos;amd64&apos;, os.version: &apos;10.0&apos;, java.version: &apos;17&apos;&#10;Driver info: org.openqa.selenium.chrome.ChromeDriver&#10;Capabilities {acceptInsecureCerts: false, browserName: chrome, browserVersion: 103.0.5060.134, chrome: {chromedriverVersion: 103.0.5060.134 (8ec6fce403b..., userDataDir: C:\Users\SLIDEQ~1\AppData\L...}, goog:chromeOptions: {debuggerAddress: localhost:52826}, javascriptEnabled: true, networkConnectionEnabled: false, pageLoadStrategy: normal, platform: WINDOWS, platformName: WINDOWS, proxy: Proxy(), setWindowRect: true, strictFileInteractability: false, timeouts: {implicit: 0, pageLoad: 300000, script: 30000}, unhandledPromptBehavior: dismiss and notify, webauthn:extension:credBlob: true, webauthn:extension:largeBlob: true, webauthn:virtualAuthenticators: true}&#10;Session ID: 8e110c0b90cd357c2507bdef4407079c" type="org.openqa.selenium.NoSuchWindowException"><![CDATA[org.openqa.selenium.NoSuchWindowException: 
no such window: target window already closed
from unknown error: web view not found
  (Session info: chrome=103.0.5060.134)
Build info: version: '3.141.59', revision: 'e82be7d358', time: '2018-11-14T08:17:03'
System info: host: 'SLIDEQA2', ip: '192.168.43.28', os.name: 'Windows 10', os.arch: 'amd64', os.version: '10.0', java.version: '17'
Driver info: org.openqa.selenium.chrome.ChromeDriver
Capabilities {acceptInsecureCerts: false, browserName: chrome, browserVersion: 103.0.5060.134, chrome: {chromedriverVersion: 103.0.5060.134 (8ec6fce403b..., userDataDir: C:\Users\SLIDEQ~1\AppData\L...}, goog:chromeOptions: {debuggerAddress: localhost:52826}, javascriptEnabled: true, networkConnectionEnabled: false, pageLoadStrategy: normal, platform: WINDOWS, platformName: WINDOWS, proxy: Proxy(), setWindowRect: true, strictFileInteractability: false, timeouts: {implicit: 0, pageLoad: 300000, script: 30000}, unhandledPromptBehavior: dismiss and notify, webauthn:extension:credBlob: true, webauthn:extension:largeBlob: true, webauthn:virtualAuthenticators: true}
Session ID: 8e110c0b90cd357c2507bdef4407079c
]]></error>
    <system-out><![CDATA[
@Google_paid_login
Scenario: Login with google paid account test           &amp#27;[90m# src/test/java/Features/Google_paid_Login.feature:5&amp#27;[0m
  &amp#27;[31mGiven &amp#27;[0m&amp#27;[31mUser is on Home pagev&amp#27;[0m                           &amp#27;[90m# StepDefination.Google_Paid_Login.user_is_on_Home_pagev()&amp#27;[0m
      &amp#27;[31morg.openqa.selenium.NoSuchWindowException: no such window: target window already closed
from unknown error: web view not found
  (Session info: chrome=103.0.5060.134)
Build info: version: '3.141.59', revision: 'e82be7d358', time: '2018-11-14T08:17:03'
System info: host: 'SLIDEQA2', ip: '192.168.43.28', os.name: 'Windows 10', os.arch: 'amd64', os.version: '10.0', java.version: '17'
Driver info: org.openqa.selenium.chrome.ChromeDriver
Capabilities {acceptInsecureCerts: false, browserName: chrome, browserVersion: 103.0.5060.134, chrome: {chromedriverVersion: 103.0.5060.134 (8ec6fce403b..., userDataDir: C:\Users\SLIDEQ~1\AppData\L...}, goog:chromeOptions: {debuggerAddress: localhost:52826}, javascriptEnabled: true, networkConnectionEnabled: false, pageLoadStrategy: normal, platform: WINDOWS, platformName: WINDOWS, proxy: Proxy(), setWindowRect: true, strictFileInteractability: false, timeouts: {implicit: 0, pageLoad: 300000, script: 30000}, unhandledPromptBehavior: dismiss and notify, webauthn:extension:credBlob: true, webauthn:extension:largeBlob: true, webauthn:virtualAuthenticators: true}
Session ID: 8e110c0b90cd357c2507bdef4407079c
	at jdk.internal.reflect.GeneratedConstructorAccessor10.newInstance(Unknown Source)
	at java.base/jdk.internal.reflect.DelegatingConstructorAccessorImpl.newInstance(DelegatingConstructorAccessorImpl.java:45)
	at java.base/java.lang.reflect.Constructor.newInstanceWithCaller(Constructor.java:499)
	at java.base/java.lang.reflect.Constructor.newInstance(Constructor.java:480)
	at org.openqa.selenium.remote.http.W3CHttpResponseCodec.createException(W3CHttpResponseCodec.java:187)
	at org.openqa.selenium.remote.http.W3CHttpResponseCodec.decode(W3CHttpResponseCodec.java:122)
	at org.openqa.selenium.remote.http.W3CHttpResponseCodec.decode(W3CHttpResponseCodec.java:49)
	at org.openqa.selenium.remote.HttpCommandExecutor.execute(HttpCommandExecutor.java:158)
	at org.openqa.selenium.remote.service.DriverCommandExecutor.execute(DriverCommandExecutor.java:83)
	at org.openqa.selenium.remote.RemoteWebDriver.execute(RemoteWebDriver.java:552)
	at org.openqa.selenium.remote.RemoteWebDriver.get(RemoteWebDriver.java:277)
	at Setupclass.BaseClass.ClearGoggleCache(BaseClass.java:130)
	at StepDefination.Google_Paid_Login.user_is_on_Home_pagev(Google_Paid_Login.java:20)
	at âœ½.User is on Home pagev(file:///D:/Selenium%20Live%20Projects/SlideTeamLoginTest/./src/test/java/Features/Google_paid_Login.feature:6)
&amp#27;[0m
  &amp#27;[36mAnd &amp#27;[0m&amp#27;[36muser enters the Username and Passwordv&amp#27;[0m            &amp#27;[90m# StepDefination.Google_Paid_Login.user_enters_the_username_and_passwordv()&amp#27;[0m
  &amp#27;[36mThen &amp#27;[0m&amp#27;[36muser clicks on Login button and verify the pagev&amp#27;[0m &amp#27;[90m# StepDefination.Google_Paid_Login.user_clicks_on_login_button_and_verify_the_pagev()&amp#27;[0m
  &amp#27;[36mThen &amp#27;[0m&amp#27;[36muser downloads the PPTv&amp#27;[0m                          &amp#27;[90m# StepDefination.Google_Paid_Login.user_downloads_the_ppt_v()&amp#27;[0m
  &amp#27;[36mThen &amp#27;[0m&amp#27;[36muser clicks on the Logout pagev&amp#27;[0m                  &amp#27;[90m# StepDefination.Google_Paid_Login.user_clicks_on_the_logout_pagev()&amp#27;[0m
  &amp#27;[36mThen &amp#27;[0m&amp#27;[36mverify the messagev&amp#27;[0m                              &amp#27;[90m# StepDefination.Google_Paid_Login.verify_the_messagev()&amp#27;[0m
      &amp#27;[31morg.openqa.selenium.NoSuchWindowException: no such window: target window already closed
from unknown error: web view not found
  (Session info: chrome=103.0.5060.134)
Build info: version: '3.141.59', revision: 'e82be7d358', time: '2018-11-14T08:17:03'
System info: host: 'SLIDEQA2', ip: '192.168.43.28', os.name: 'Windows 10', os.arch: 'amd64', os.version: '10.0', java.version: '17'
Driver info: org.openqa.selenium.chrome.ChromeDriver
Capabilities {acceptInsecureCerts: false, browserName: chrome, browserVersion: 103.0.5060.134, chrome: {chromedriverVersion: 103.0.5060.134 (8ec6fce403b..., userDataDir: C:\Users\SLIDEQ~1\AppData\L...}, goog:chromeOptions: {debuggerAddress: localhost:52826}, javascriptEnabled: true, networkConnectionEnabled: false, pageLoadStrategy: normal, platform: WINDOWS, platformName: WINDOWS, proxy: Proxy(), setWindowRect: true, strictFileInteractability: false, timeouts: {implicit: 0, pageLoad: 300000, script: 30000}, unhandledPromptBehavior: dismiss and notify, webauthn:extension:credBlob: true, webauthn:extension:largeBlob: true, webauthn:virtualAuthenticators: true}
Session ID: 8e110c0b90cd357c2507bdef4407079c
	at jdk.internal.reflect.GeneratedConstructorAccessor10.newInstance(Unknown Source)
	at java.base/jdk.internal.reflect.DelegatingConstructorAccessorImpl.newInstance(DelegatingConstructorAccessorImpl.java:45)
	at java.base/java.lang.reflect.Constructor.newInstanceWithCaller(Constructor.java:499)
	at java.base/java.lang.reflect.Constructor.newInstance(Constructor.java:480)
	at org.openqa.selenium.remote.http.W3CHttpResponseCodec.createException(W3CHttpResponseCodec.java:187)
	at org.openqa.selenium.remote.http.W3CHttpResponseCodec.decode(W3CHttpResponseCodec.java:122)
	at org.openqa.selenium.remote.http.W3CHttpResponseCodec.decode(W3CHttpResponseCodec.java:49)
	at org.openqa.selenium.remote.HttpCommandExecutor.execute(HttpCommandExecutor.java:158)
	at org.openqa.selenium.remote.service.DriverCommandExecutor.execute(DriverCommandExecutor.java:83)
	at org.openqa.selenium.remote.RemoteWebDriver.execute(RemoteWebDriver.java:552)
	at org.openqa.selenium.remote.RemoteWebDriver.execute(RemoteWebDriver.java:609)
	at org.openqa.selenium.remote.RemoteWebDriver.getScreenshotAs(RemoteWebDriver.java:295)
	at StepDefination.TakeImageStep.tearDown(TakeImageStep.java:21)
&amp#27;[0m
]]></system-out>
  </testcase>
  <testcase name="Login with google paid account test" classname="Login with google paid account test" time="2.026">
    <error message="no such window: target window already closed&#10;from unknown error: web view not found&#10;  (Session info: chrome=103.0.5060.134)&#10;Build info: version: &apos;3.141.59&apos;, revision: &apos;e82be7d358&apos;, time: &apos;2018-11-14T08:17:03&apos;&#10;System info: host: &apos;SLIDEQA2&apos;, ip: &apos;192.168.43.28&apos;, os.name: &apos;Windows 10&apos;, os.arch: &apos;amd64&apos;, os.version: &apos;10.0&apos;, java.version: &apos;17&apos;&#10;Driver info: org.openqa.selenium.chrome.ChromeDriver&#10;Capabilities {acceptInsecureCerts: false, browserName: chrome, browserVersion: 103.0.5060.134, chrome: {chromedriverVersion: 103.0.5060.134 (8ec6fce403b..., userDataDir: C:\Users\SLIDEQ~1\AppData\L...}, goog:chromeOptions: {debuggerAddress: localhost:52826}, javascriptEnabled: true, networkConnectionEnabled: false, pageLoadStrategy: normal, platform: WINDOWS, platformName: WINDOWS, proxy: Proxy(), setWindowRect: true, strictFileInteractability: false, timeouts: {implicit: 0, pageLoad: 300000, script: 30000}, unhandledPromptBehavior: dismiss and notify, webauthn:extension:credBlob: true, webauthn:extension:largeBlob: true, webauthn:virtualAuthenticators: true}&#10;Session ID: 8e110c0b90cd357c2507bdef4407079c" type="org.openqa.selenium.NoSuchWindowException"><![CDATA[org.openqa.selenium.NoSuchWindowException: 
no such window: target window already closed
from unknown error: web view not found
  (Session info: chrome=103.0.5060.134)
Build info: version: '3.141.59', revision: 'e82be7d358', time: '2018-11-14T08:17:03'
System info: host: 'SLIDEQA2', ip: '192.168.43.28', os.name: 'Windows 10', os.arch: 'amd64', os.version: '10.0', java.version: '17'
Driver info: org.openqa.selenium.chrome.ChromeDriver
Capabilities {acceptInsecureCerts: false, browserName: chrome, browserVersion: 103.0.5060.134, chrome: {chromedriverVersion: 103.0.5060.134 (8ec6fce403b..., userDataDir: C:\Users\SLIDEQ~1\AppData\L...}, goog:chromeOptions: {debuggerAddress: localhost:52826}, javascriptEnabled: true, networkConnectionEnabled: false, pageLoadStrategy: normal, platform: WINDOWS, platformName: WINDOWS, proxy: Proxy(), setWindowRect: true, strictFileInteractability: false, timeouts: {implicit: 0, pageLoad: 300000, script: 30000}, unhandledPromptBehavior: dismiss and notify, webauthn:extension:credBlob: true, webauthn:extension:largeBlob: true, webauthn:virtualAuthenticators: true}
Session ID: 8e110c0b90cd357c2507bdef4407079c
]]></error>
  </testcase>
  <testcase name="Login with normal paid account" classname="Login with normal paid account test" time="0.021">
    <error message="no such window: target window already closed&#10;from unknown error: web view not found&#10;  (Session info: chrome=103.0.5060.134)&#10;Build info: version: &apos;3.141.59&apos;, revision: &apos;e82be7d358&apos;, time: &apos;2018-11-14T08:17:03&apos;&#10;System info: host: &apos;SLIDEQA2&apos;, ip: &apos;192.168.43.28&apos;, os.name: &apos;Windows 10&apos;, os.arch: &apos;amd64&apos;, os.version: &apos;10.0&apos;, java.version: &apos;17&apos;&#10;Driver info: org.openqa.selenium.chrome.ChromeDriver&#10;Capabilities {acceptInsecureCerts: false, browserName: chrome, browserVersion: 103.0.5060.134, chrome: {chromedriverVersion: 103.0.5060.134 (8ec6fce403b..., userDataDir: C:\Users\SLIDEQ~1\AppData\L...}, goog:chromeOptions: {debuggerAddress: localhost:52826}, javascriptEnabled: true, networkConnectionEnabled: false, pageLoadStrategy: normal, platform: WINDOWS, platformName: WINDOWS, proxy: Proxy(), setWindowRect: true, strictFileInteractability: false, timeouts: {implicit: 0, pageLoad: 300000, script: 30000}, unhandledPromptBehavior: dismiss and notify, webauthn:extension:credBlob: true, webauthn:extension:largeBlob: true, webauthn:virtualAuthenticators: true}&#10;Session ID: 8e110c0b90cd357c2507bdef4407079c" type="org.openqa.selenium.NoSuchWindowException"><![CDATA[org.openqa.selenium.NoSuchWindowException: 
no such window: target window already closed
from unknown error: web view not found
  (Session info: chrome=103.0.5060.134)
Build info: version: '3.141.59', revision: 'e82be7d358', time: '2018-11-14T08:17:03'
System info: host: 'SLIDEQA2', ip: '192.168.43.28', os.name: 'Windows 10', os.arch: 'amd64', os.version: '10.0', java.version: '17'
Driver info: org.openqa.selenium.chrome.ChromeDriver
Capabilities {acceptInsecureCerts: false, browserName: chrome, browserVersion: 103.0.5060.134, chrome: {chromedriverVersion: 103.0.5060.134 (8ec6fce403b..., userDataDir: C:\Users\SLIDEQ~1\AppData\L...}, goog:chromeOptions: {debuggerAddress: localhost:52826}, javascriptEnabled: true, networkConnectionEnabled: false, pageLoadStrategy: normal, platform: WINDOWS, platformName: WINDOWS, proxy: Proxy(), setWindowRect: true, strictFileInteractability: false, timeouts: {implicit: 0, pageLoad: 300000, script: 30000}, unhandledPromptBehavior: dismiss and notify, webauthn:extension:credBlob: true, webauthn:extension:largeBlob: true, webauthn:virtualAuthenticators: true}
Session ID: 8e110c0b90cd357c2507bdef4407079c
]]></error>
    <system-out><![CDATA[
@Normal_paid_Login
Scenario: Login with normal paid account       &amp#27;[90m# src/test/java/Features/Normal_paid_login.feature:4&amp#27;[0m
  &amp#27;[31mGiven &amp#27;[0m&amp#27;[31mUser is home page_vi&amp#27;[0m                   &amp#27;[90m# StepDefination.Normal_paid_login.user_is_home_page_vi()&amp#27;[0m
      &amp#27;[31morg.openqa.selenium.NoSuchWindowException: no such window: target window already closed
from unknown error: web view not found
  (Session info: chrome=103.0.5060.134)
Build info: version: '3.141.59', revision: 'e82be7d358', time: '2018-11-14T08:17:03'
System info: host: 'SLIDEQA2', ip: '192.168.43.28', os.name: 'Windows 10', os.arch: 'amd64', os.version: '10.0', java.version: '17'
Driver info: org.openqa.selenium.chrome.ChromeDriver
Capabilities {acceptInsecureCerts: false, browserName: chrome, browserVersion: 103.0.5060.134, chrome: {chromedriverVersion: 103.0.5060.134 (8ec6fce403b..., userDataDir: C:\Users\SLIDEQ~1\AppData\L...}, goog:chromeOptions: {debuggerAddress: localhost:52826}, javascriptEnabled: true, networkConnectionEnabled: false, pageLoadStrategy: normal, platform: WINDOWS, platformName: WINDOWS, proxy: Proxy(), setWindowRect: true, strictFileInteractability: false, timeouts: {implicit: 0, pageLoad: 300000, script: 30000}, unhandledPromptBehavior: dismiss and notify, webauthn:extension:credBlob: true, webauthn:extension:largeBlob: true, webauthn:virtualAuthenticators: true}
Session ID: 8e110c0b90cd357c2507bdef4407079c
	at jdk.internal.reflect.GeneratedConstructorAccessor10.newInstance(Unknown Source)
	at java.base/jdk.internal.reflect.DelegatingConstructorAccessorImpl.newInstance(DelegatingConstructorAccessorImpl.java:45)
	at java.base/java.lang.reflect.Constructor.newInstanceWithCaller(Constructor.java:499)
	at java.base/java.lang.reflect.Constructor.newInstance(Constructor.java:480)
	at org.openqa.selenium.remote.http.W3CHttpResponseCodec.createException(W3CHttpResponseCodec.java:187)
	at org.openqa.selenium.remote.http.W3CHttpResponseCodec.decode(W3CHttpResponseCodec.java:122)
	at org.openqa.selenium.remote.http.W3CHttpResponseCodec.decode(W3CHttpResponseCodec.java:49)
	at org.openqa.selenium.remote.HttpCommandExecutor.execute(HttpCommandExecutor.java:158)
	at org.openqa.selenium.remote.service.DriverCommandExecutor.execute(DriverCommandExecutor.java:83)
	at org.openqa.selenium.remote.RemoteWebDriver.execute(RemoteWebDriver.java:552)
	at org.openqa.selenium.remote.RemoteWebDriver.get(RemoteWebDriver.java:277)
	at StepDefination.Normal_paid_login.user_is_home_page_vi(Normal_paid_login.java:23)
	at âœ½.User is home page_vi(file:///D:/Selenium%20Live%20Projects/SlideTeamLoginTest/./src/test/java/Features/Normal_paid_login.feature:5)
&amp#27;[0m
  &amp#27;[36mThen &amp#27;[0m&amp#27;[36muser click on the Popular PPTs_vi&amp#27;[0m       &amp#27;[90m# StepDefination.Normal_paid_login.user_click_on_the_popular_PPts_vi()&amp#27;[0m
  &amp#27;[36mThen &amp#27;[0m&amp#27;[36mUser try to download the ppt_vi&amp#27;[0m         &amp#27;[90m# StepDefination.Normal_paid_login.user_try_to_download_the_ppt_vi()&amp#27;[0m
  &amp#27;[36mThen &amp#27;[0m&amp#27;[36muser is on Login page_vi&amp#27;[0m                &amp#27;[90m# StepDefination.Normal_paid_login.user_is_on_login_page_vi()&amp#27;[0m
  &amp#27;[36mAnd &amp#27;[0m&amp#27;[36muser enters the username and password_vi&amp#27;[0m &amp#27;[90m# StepDefination.Normal_paid_login.user_enters_the_username_and_password_vi()&amp#27;[0m
  &amp#27;[36mThen &amp#27;[0m&amp#27;[36muser clicks on Login button_vi&amp#27;[0m          &amp#27;[90m# StepDefination.Normal_paid_login.user_clicks_on_login_button_vi()&amp#27;[0m
  &amp#27;[36mThen &amp#27;[0m&amp#27;[36muser downloads the PPT_vi&amp#27;[0m               &amp#27;[90m# StepDefination.Normal_paid_login.user_downloads_the_ppt_vi()&amp#27;[0m
  &amp#27;[36mThen &amp#27;[0m&amp#27;[36muser clicks on the Logout page_vi&amp#27;[0m       &amp#27;[90m# StepDefination.Normal_paid_login.user_clicks_on_the_logout_page()&amp#27;[0m
  &amp#27;[36mThen &amp#27;[0m&amp#27;[36mverify the message_vi&amp#27;[0m                   &amp#27;[90m# StepDefination.Normal_paid_login.verify_the_message_vi()&amp#27;[0m
      &amp#27;[31morg.openqa.selenium.NoSuchWindowException: no such window: target window already closed
from unknown error: web view not found
  (Session info: chrome=103.0.5060.134)
Build info: version: '3.141.59', revision: 'e82be7d358', time: '2018-11-14T08:17:03'
System info: host: 'SLIDEQA2', ip: '192.168.43.28', os.name: 'Windows 10', os.arch: 'amd64', os.version: '10.0', java.version: '17'
Driver info: org.openqa.selenium.chrome.ChromeDriver
Capabilities {acceptInsecureCerts: false, browserName: chrome, browserVersion: 103.0.5060.134, chrome: {chromedriverVersion: 103.0.5060.134 (8ec6fce403b..., userDataDir: C:\Users\SLIDEQ~1\AppData\L...}, goog:chromeOptions: {debuggerAddress: localhost:52826}, javascriptEnabled: true, networkConnectionEnabled: false, pageLoadStrategy: normal, platform: WINDOWS, platformName: WINDOWS, proxy: Proxy(), setWindowRect: true, strictFileInteractability: false, timeouts: {implicit: 0, pageLoad: 300000, script: 30000}, unhandledPromptBehavior: dismiss and notify, webauthn:extension:credBlob: true, webauthn:extension:largeBlob: true, webauthn:virtualAuthenticators: true}
Session ID: 8e110c0b90cd357c2507bdef4407079c
	at jdk.internal.reflect.GeneratedConstructorAccessor10.newInstance(Unknown Source)
	at java.base/jdk.internal.reflect.DelegatingConstructorAccessorImpl.newInstance(DelegatingConstructorAccessorImpl.java:45)
	at java.base/java.lang.reflect.Constructor.newInstanceWithCaller(Constructor.java:499)
	at java.base/java.lang.reflect.Constructor.newInstance(Constructor.java:480)
	at org.openqa.selenium.remote.http.W3CHttpResponseCodec.createException(W3CHttpResponseCodec.java:187)
	at org.openqa.selenium.remote.http.W3CHttpResponseCodec.decode(W3CHttpResponseCodec.java:122)
	at org.openqa.selenium.remote.http.W3CHttpResponseCodec.decode(W3CHttpResponseCodec.java:49)
	at org.openqa.selenium.remote.HttpCommandExecutor.execute(HttpCommandExecutor.java:158)
	at org.openqa.selenium.remote.service.DriverCommandExecutor.execute(DriverCommandExecutor.java:83)
	at org.openqa.selenium.remote.RemoteWebDriver.execute(RemoteWebDriver.java:552)
	at org.openqa.selenium.remote.RemoteWebDriver.execute(RemoteWebDriver.java:609)
	at org.openqa.selenium.remote.RemoteWebDriver.getScreenshotAs(RemoteWebDriver.java:295)
	at StepDefination.TakeImageStep.tearDown(TakeImageStep.java:21)
&amp#27;[0m
]]></system-out>
  </testcase>
  <testcase name="Login with normal paid account" classname="Login with normal paid account test" time="0.021">
    <error message="no such window: target window already closed&#10;from unknown error: web view not found&#10;  (Session info: chrome=103.0.5060.134)&#10;Build info: version: &apos;3.141.59&apos;, revision: &apos;e82be7d358&apos;, time: &apos;2018-11-14T08:17:03&apos;&#10;System info: host: &apos;SLIDEQA2&apos;, ip: &apos;192.168.43.28&apos;, os.name: &apos;Windows 10&apos;, os.arch: &apos;amd64&apos;, os.version: &apos;10.0&apos;, java.version: &apos;17&apos;&#10;Driver info: org.openqa.selenium.chrome.ChromeDriver&#10;Capabilities {acceptInsecureCerts: false, browserName: chrome, browserVersion: 103.0.5060.134, chrome: {chromedriverVersion: 103.0.5060.134 (8ec6fce403b..., userDataDir: C:\Users\SLIDEQ~1\AppData\L...}, goog:chromeOptions: {debuggerAddress: localhost:52826}, javascriptEnabled: true, networkConnectionEnabled: false, pageLoadStrategy: normal, platform: WINDOWS, platformName: WINDOWS, proxy: Proxy(), setWindowRect: true, strictFileInteractability: false, timeouts: {implicit: 0, pageLoad: 300000, script: 30000}, unhandledPromptBehavior: dismiss and notify, webauthn:extension:credBlob: true, webauthn:extension:largeBlob: true, webauthn:virtualAuthenticators: true}&#10;Session ID: 8e110c0b90cd357c2507bdef4407079c" type="org.openqa.selenium.NoSuchWindowException"><![CDATA[org.openqa.selenium.NoSuchWindowException: 
no such window: target window already closed
from unknown error: web view not found
  (Session info: chrome=103.0.5060.134)
Build info: version: '3.141.59', revision: 'e82be7d358', time: '2018-11-14T08:17:03'
System info: host: 'SLIDEQA2', ip: '192.168.43.28', os.name: 'Windows 10', os.arch: 'amd64', os.version: '10.0', java.version: '17'
Driver info: org.openqa.selenium.chrome.ChromeDriver
[...]
	at java.base/jdk.internal.reflect.DelegatingConstructorAccessorImpl.newInstance(DelegatingConstructorAccessorImpl.java:45)
	at java.base/java.lang.reflect.Constructor.newInstanceWithCaller(Constructor.java:499)
	at java.base/java.lang.reflect.Constructor.newInstance(Constructor.java:480)
	at org.openqa.selenium.remote.http.W3CHttpResponseCodec.createException(W3CHttpResponseCodec.java:187)
	at org.openqa.selenium.remote.http.W3CHttpResponseCodec.decode(W3CHttpResponseCodec.java:122)
	at org.openqa.selenium.remote.http.W3CHttpResponseCodec.decode(W3CHttpResponseCodec.java:49)
	at org.openqa.selenium.remote.HttpCommandExecutor.execute(HttpCommandExecutor.java:158)
	at org.openqa.selenium.remote.service.DriverCommandExecutor.execute(DriverCommandExecutor.java:83)
	at org.openqa.selenium.remote.RemoteWebDriver.execute(RemoteWebDriver.java:552)
	at org.openqa.selenium.remote.RemoteWebDriver.get(RemoteWebDriver.java:277)
	at Setupclass.BaseClass.ClearfacebookCache(BaseClass.java:120)
	at StepDefination.SLI_search_facebook_paid_login.user_is_home_page_vii(SLI_search_facebook_paid_login.java:20)
	at âœ½.User is home page_vii(file:///D:/Selenium%20Live%20Projects/SlideTeamLoginTest/./src/test/java/Features/SLI_search_facebook_paid_login.feature:5)
&amp#27;[0m
  &amp#27;[36mThen &amp#27;[0m&amp#27;[36muser will clicks on the sign in with Facebook button_vii&amp#27;[0m &amp#27;[90m# StepDefination.SLI_search_facebook_paid_login.user_will_clicks_on_the_sign_in_with_facebook_button_vii()&amp#27;[0m
  &amp#27;[36mAnd &amp#27;[0m&amp#27;[36muser enters the username and password_vii&amp#27;[0m                 &amp#27;[90m# StepDefination.SLI_search_facebook_paid_login.user_enters_the_username_and_password_vii()&amp#27;[0m
  &amp#27;[36mThen &amp#27;[0m&amp#27;[36muser verify the page after login_vii&amp#27;[0m                     &amp#27;[90m# StepDefination.SLI_search_facebook_paid_login.user_verify_the_page_after_login_vii()&amp#27;[0m
  &amp#27;[36mThen &amp#27;[0m&amp#27;[36menter keyword in search field_vii&amp#27;[0m                        &amp#27;[90m# StepDefination.SLI_search_facebook_paid_login.enter_keyword_in_search_field_vii()&amp#27;[0m
  &amp#27;[36mThen &amp#27;[0m&amp#27;[36muser selects and download the PPT_vii&amp#27;[0m                    &amp#27;[90m# StepDefination.SLI_search_facebook_paid_login.user_selects_and_download_the_ppt()&amp#27;[0m
  &amp#27;[36mThen &amp#27;[0m&amp#27;[36muser clicks on the Logout page_vii&amp#27;[0m                       &amp#27;[90m# StepDefination.SLI_search_facebook_paid_login.user_clicks_on_the_logout_page_vii()&amp#27;[0m
  &amp#27;[36mThen &amp#27;[0m&amp#27;[36mverify the message_vii&amp#27;[0m                                   &amp#27;[90m# StepDefination.SLI_search_facebook_paid_login.verify_the_message_vii()&amp#27;[0m
      &amp#27;[31morg.openqa.selenium.NoSuchWindowException: no such window: target window already closed
from unknown error: web view not found
  (Session info: chrome=103.0.5060.134)
Build info: version: '3.141.59', revision: 'e82be7d358', time: '2018-11-14T08:17:03'
System info: host: 'SLIDEQA2', ip: '192.168.43.28', os.name: 'Windows 10', os.arch: 'amd64', os.version: '10.0', java.version: '17'
Driver info: org.openqa.selenium.chrome.ChromeDriver
Capabilities {acceptInsecureCerts: false, browserName: chrome, browserVersion: 103.0.5060.134, chrome: {chromedriverVersion: 103.0.5060.134 (8ec6fce403b..., userDataDir: C:\Users\SLIDEQ~1\AppData\L...}, goog:chromeOptions: {debuggerAddress: localhost:52826}, javascriptEnabled: true, networkConnectionEnabled: false, pageLoadStrategy: normal, platform: WINDOWS, platformName: WINDOWS, proxy: Proxy(), setWindowRect: true, strictFileInteractability: false, timeouts: {implicit: 0, pageLoad: 300000, script: 30000}, unhandledPromptBehavior: dismiss and notify, webauthn:extension:credBlob: true, webauthn:extension:largeBlob: true, webauthn:virtualAuthenticators: true}
Session ID: 8e110c0b90cd357c2507bdef4407079c
	at jdk.internal.reflect.GeneratedConstructorAccessor10.newInstance(Unknown Source)
	at java.base/jdk.internal.reflect.DelegatingConstructorAccessorImpl.newInstance(DelegatingConstructorAccessorImpl.java:45)
	at java.base/java.lang.reflect.Constructor.newInstanceWithCaller(Constructor.java:499)
	at java.base/java.lang.reflect.Constructor.newInstance(Constructor.java:480)
	at org.openqa.selenium.remote.http.W3CHttpResponseCodec.createException(W3CHttpResponseCodec.java:187)
	at org.openqa.selenium.remote.http.W3CHttpResponseCodec.decode(W3CHttpResponseCodec.java:122)
	at org.openqa.selenium.remote.http.W3CHttpResponseCodec.decode(W3CHttpResponseCodec.java:49)
	at org.openqa.selenium.remote.HttpCommandExecutor.execute(HttpCommandExecutor.java:158)
	at org.openqa.selenium.remote.service.DriverCommandExecutor.execute(DriverCommandExecutor.java:83)
	at org.openqa.selenium.remote.RemoteWebDriver.execute(RemoteWebDriver.java:552)
	at org.openqa.selenium.remote.RemoteWebDriver.execute(RemoteWebDriver.java:609)
	at org.openqa.selenium.remote.RemoteWebDriver.getScreenshotAs(RemoteWebDriver.java:295)
	at StepDefination.TakeImageStep.tearDown(TakeImageStep.java:21)
&amp#27;[0m
]]></system-out>
  </testcase>
  <testcase name="SLI search facebook login test" classname="SLI search facebook login" time="2.028">
    <error message="no such window: target window already closed&#10;from unknown error: web view not found&#10;  (Session info: chrome=103.0.5060.134)&#10;Build info: version: &apos;3.141.59&apos;, revision: &apos;e82be7d358&apos;, time: &apos;2018-11-14T08:17:03&apos;&#10;System info: host: &apos;SLIDEQA2&apos;, ip: &apos;192.168.43.28&apos;, os.name: &apos;Windows 10&apos;, os.arch: &apos;amd64&apos;, os.version: &apos;10.0&apos;, java.version: &apos;17&apos;&#10;Driver info: org.openqa.selenium.chrome.ChromeDriver&#10;Capabilities {acceptInsecureCerts: false, browserName: chrome, browserVersion: 103.0.5060.134, chrome: {chromedriverVersion: 103.0.5060.134 (8ec6fce403b..., userDataDir: C:\Users\SLIDEQ~1\AppData\L...}, goog:chromeOptions: {debuggerAddress: localhost:52826}, javascriptEnabled: true, networkConnectionEnabled: false, pageLoadStrategy: normal, platform: WINDOWS, platformName: WINDOWS, proxy: Proxy(), setWindowRect: true, strictFileInteractability: false, timeouts: {implicit: 0, pageLoad: 300000, script: 30000}, unhandledPromptBehavior: dismiss and notify, webauthn:extension:credBlob: true, webauthn:extension:largeBlob: true, webauthn:virtualAuthenticators: true}&#10;Session ID: 8e110c0b90cd357c2507bdef4407079c" type="org.openqa.selenium.NoSuchWindowException"><![CDATA[org.openqa.selenium.NoSuchWindowException: 
no such window: target window already closed
from unknown error: web view not found
  (Session info: chrome=103.0.5060.134)
Build info: version: '3.141.59', revision: 'e82be7d358', time: '2018-11-14T08:17:03'
System info: host: 'SLIDEQA2', ip: '192.168.43.28', os.name: 'Windows 10', os.arch: 'amd64', os.version: '10.0', java.version: '17'
Driver info: org.openqa.selenium.chrome.ChromeDriver
Capabilities {acceptInsecureCerts: false, browserName: chrome, browserVersion: 103.0.5060.134, chrome: {chromedriverVersion: 103.0.5060.134 (8ec6fce403b..., userDataDir: C:\Users\SLIDEQ~1\AppData\L...}, goog:chromeOptions: {debuggerAddress: localhost:52826}, javascriptEnabled: true, networkConnectionEnabled: false, pageLoadStrategy: normal, platform: WINDOWS, platformName: WINDOWS, proxy: Proxy(), setWindowRect: true, strictFileInteractability: false, timeouts: {implicit: 0, pageLoad: 300000, script: 30000}, unhandledPromptBehavior: dismiss and notify, webauthn:extension:credBlob: true, webauthn:extension:largeBlob: true, webauthn:virtualAuthenticators: true}
Session ID: 8e110c0b90cd357c2507bdef4407079c
]]></error>
  </testcase>
  <testcase name="SLI search Google login test" classname="SLI search Google login" time="2.026">
    <error message="no such window: target window already closed&#10;from unknown error: web view not found&#10;  (Session info: chrome=103.0.5060.134)&#10;Build info: version: &apos;3.141.59&apos;, revision: &apos;e82be7d358&apos;, time: &apos;2018-11-14T08:17:03&apos;&#10;System info: host: &apos;SLIDEQA2&apos;, ip: &apos;192.168.43.28&apos;, os.name: &apos;Windows 10&apos;, os.arch: &apos;amd64&apos;, os.version: &apos;10.0&apos;, java.version: &apos;17&apos;&#10;Driver info: org.openqa.selenium.chrome.ChromeDriver&#10;Capabilities {acceptInsecureCerts: false, browserName: chrome, browserVersion: 103.0.5060.134, chrome: {chromedriverVersion: 103.0.5060.134 (8ec6fce403b..., userDataDir: C:\Users\SLIDEQ~1\AppData\L...}, goog:chromeOptions: {debuggerAddress: localhost:52826}, javascriptEnabled: true, networkConnectionEnabled: false, pageLoadStrategy: normal, platform: WINDOWS, platformName: WINDOWS, proxy: Proxy(), setWindowRect: true, strictFileInteractability: false, timeouts: {implicit: 0, pageLoad: 300000, script: 30000}, unhandledPromptBehavior: dismiss and notify, webauthn:extension:credBlob: true, webauthn:extension:largeBlob: true, webauthn:virtualAuthenticators: true}&#10;Session ID: 8e110c0b90cd357c2507bdef4407079c" type="org.openqa.selenium.NoSuchWindowException"><![CDATA[org.openqa.selenium.NoSuchWindowException: 
no such window: target window already closed
from unknown error: web view not found
  (Session info: chrome=103.0.5060.134)
Build info: version: '3.141.59', revision: 'e82be7d358', time: '2018-11-14T08:17:03'
System info: host: 'SLIDEQA2', ip: '192.168.43.28', os.name: 'Windows 10', os.arch: 'amd64', os.version: '10.0', java.version: '17'
Driver info: org.openqa.selenium.chrome.ChromeDriver
Capabilities {acceptInsecureCerts: false, browserName: chrome, browserVersion: 103.0.5060.134, chrome: {chromedriverVersion: 103.0.5060.134 (8ec6fce403b..., userDataDir: C:\Users\SLIDEQ~1\AppData\L...}, goog:chromeOptions: {debuggerAddress: localhost:52826}, javascriptEnabled: true, networkConnectionEnabled: false, pageLoadStrategy: normal, platform: WINDOWS, platformName: WINDOWS, proxy: Proxy(), setWindowRect: true, strictFileInteractability: false, timeouts: {implicit: 0, pageLoad: 300000, script: 30000}, unhandledPromptBehavior: dismiss and notify, webauthn:extension:credBlob: true, webauthn:extension:largeBlob: true, webauthn:virtualAuthenticators: true}
Session ID: 8e110c0b90cd357c2507bdef4407079c
]]></error>
    <system-out><![CDATA[
@SLI_Search_with_Google_Paid
Scenario: SLI search Google login test                         &amp#27;[90m# src/test/java/Features/SLI_search_google_paid_login.feature:4&amp#27;[0m
  &amp#27;[31mGiven &amp#27;[0m&amp#27;[31mUser is home page_viii&amp#27;[0m                                 &amp#27;[90m# StepDefination.SLI_search_google_paid_login.user_is_home_page_viii()&amp#27;[0m
      &amp#27;[31morg.openqa.selenium.NoSuchWindowException: no such window: target window already closed
from unknown error: web view not found
  (Session info: chrome=103.0.5060.134)
Build info: version: '3.141.59', revision: 'e82be7d358', time: '2018-11-14T08:17:03'
System info: host: 'SLIDEQA2', ip: '192.168.43.28', os.name: 'Windows 10', os.arch: 'amd64', os.version: '10.0', java.version: '17'
Driver info: org.openqa.selenium.chrome.ChromeDriver
Capabilities {acceptInsecureCerts: false, browserName: chrome, browserVersion: 103.0.5060.134, chrome: {chromedriverVersion: 103.0.5060.134 (8ec6fce403b..., userDataDir: C:\Users\SLIDEQ~1\AppData\L...}, goog:chromeOptions: {debuggerAddress: localhost:52826}, javascriptEnabled: true, networkConnectionEnabled: false, pageLoadStrategy: normal, platform: WINDOWS, platformName: WINDOWS, proxy: Proxy(), setWindowRect: true, strictFileInteractability: false, timeouts: {implicit: 0, pageLoad: 300000, script: 30000}, unhandledPromptBehavior: dismiss and notify, webauthn:extension:credBlob: true, webauthn:extension:largeBlob: true, webauthn:virtualAuthenticators: true}
Session ID: 8e110c0b90cd357c2507bdef4407079c
	at jdk.internal.reflect.GeneratedConstructorAccessor10.newInstance(Unknown Source)
	at java.base/jdk.internal.reflect.DelegatingConstructorAccessorImpl.newInstance(DelegatingConstructorAccessorImpl.java:45)
	at java.base/java.lang.reflect.Constructor.newInstanceWithCaller(Constructor.java:499)
	at java.base/java.lang.reflect.Constructor.newInstance(Constructor.java:480)
	at org.openqa.selenium.remote.http.W3CHttpResponseCodec.createException(W3CHttpResponseCodec.java:187)
	at org.openqa.selenium.remote.http.W3CHttpResponseCodec.decode(W3CHttpResponseCodec.java:122)
	at org.openqa.selenium.remote.http.W3CHttpResponseCodec.decode(W3CHttpResponseCodec.java:49)
	at org.openqa.selenium.remote.HttpCommandExecutor.execute(HttpCommandExecutor.java:158)
	at org.openqa.selenium.remote.service.DriverCommandExecutor.execute(DriverCommandExecutor.java:83)
	at org.openqa.selenium.remote.RemoteWebDriver.execute(RemoteWebDriver.java:552)
	at org.openqa.selenium.remote.RemoteWebDriver.get(RemoteWebDriver.java:277)
	at Setupclass.BaseClass.ClearGoggleCache(BaseClass.java:130)
	at StepDefination.SLI_search_google_paid_login.user_is_home_page_viii(SLI_search_google_paid_login.java:25)
	at âœ½.User is home page_viii(file:///D:/Selenium%20Live%20Projects/SlideTeamLoginTest/./src/test/java/Features/SLI_search_google_paid_login.feature:5)
&amp#27;[0m
  &amp#27;[36mThen &amp#27;[0m&amp#27;[36mEnter keyword in search field_viii&amp#27;[0m                      &amp#27;[90m# StepDefination.SLI_search_google_paid_login.enter_keyword_in_search_field_viii()&amp#27;[0m
  &amp#27;[36mThen &amp#27;[0m&amp#27;[36muser will clicks on the sign in with Google button_viii&amp#27;[0m &amp#27;[90m# StepDefination.SLI_search_google_paid_login.user_will_clicks_on_the_sign_in_with_google_button_viii()&amp#27;[0m
  &amp#27;[36mAnd &amp#27;[0m&amp#27;[36muser enters the username and password_viii&amp#27;[0m               &amp#27;[90m# StepDefination.SLI_search_google_paid_login.user_enters_the_username_and_password_viii()&amp#27;[0m
  &amp#27;[36mThen &amp#27;[0m&amp#27;[36muser verify the page_viii&amp#27;[0m                               &amp#27;[90m# StepDefination.SLI_search_google_paid_login.user_verify_the_page_viii()&amp#27;[0m
  &amp#27;[36mThen &amp#27;[0m&amp#27;[36menter Keyword in search field_viii&amp#27;[0m                      &amp#27;[90m# StepDefination.SLI_search_google_paid_login.enter_Keyword_in_search_field_viii()&amp#27;[0m
  &amp#27;[36mThen &amp#27;[0m&amp#27;[36muser selects and download the PPT_viii&amp#27;[0m                  &amp#27;[90m# StepDefination.SLI_search_google_paid_login.user_selects_and_download_the_ppt_viii()&amp#27;[0m
  &amp#27;[36mThen &amp#27;[0m&amp#27;[36muser clicks on the Logout page_viii&amp#27;[0m                     &amp#27;[90m# StepDefination.SLI_search_google_paid_login.user_clicks_on_the_logout_page_viii()&amp#27;[0m
  &amp#27;[36mThen &amp#27;[0m&amp#27;[36mverify the message_viii&amp#27;[0m                                 &amp#27;[90m# StepDefination.SLI_search_google_paid_login.verify_the_message_viii()&amp#27;[0m
      &amp#27;[31morg.openqa.selenium.NoSuchWindowException: no such window: target window already closed
from unknown error: web view not found
  (Session info: chrome=103.0.5060.134)
Build info: version: '3.141.59', revision: 'e82be7d358', time: '2018-11-14T08:17:03'
System info: host: 'SLIDEQA2', ip: '192.168.43.28', os.name: 'Windows 10', os.arch: 'amd64', os.version: '10.0', java.version: '17'
Driver info: org.openqa.selenium.chrome.ChromeDriver
Capabilities {acceptInsecureCerts: false, browserName: chrome, browserVersion: 103.0.5060.134, chrome: {chromedriverVersion: 103.0.5060.134 (8ec6fce403b..., userDataDir: C:\Users\SLIDEQ~1\AppData\L...}, goog:chromeOptions: {debuggerAddress: localhost:52826}, javascriptEnabled: true, networkConnectionEnabled: false, pageLoadStrategy: normal, platform: WINDOWS, platformName: WINDOWS, proxy: Proxy(), setWindowRect: true, strictFileInteractability: false, timeouts: {implicit: 0, pageLoad: 300000, script: 30000}, unhandledPromptBehavior: dismiss and notify, webauthn:extension:credBlob: true, webauthn:extension:largeBlob: true, webauthn:virtualAuthenticators: true}
Session ID: 8e110c0b90cd357c2507bdef4407079c
	at jdk.internal.reflect.GeneratedConstructorAccessor10.newInstance(Unknown Source)
	at java.base/jdk.internal.reflect.DelegatingConstructorAccessorImpl.newInstance(DelegatingConstructorAccessorImpl.java:45)
	at java.base/java.lang.reflect.Constructor.newInstanceWithCaller(Constructor.java:499)
	at java.base/java.lang.reflect.Constructor.newInstance(Constructor.java:480)
	at org.openqa.selenium.remote.http.W3CHttpResponseCodec.createException(W3CHttpResponseCodec.java:187)
	at org.openqa.selenium.remote.http.W3CHttpResponseCodec.decode(W3CHttpResponseCodec.java:122)
	at org.openqa.selenium.remote.http.W3CHttpResponseCodec.decode(W3CHttpResponseCodec.java:49)
	at org.openqa.selenium.remote.HttpCommandExecutor.execute(HttpCommandExecutor.java:158)
	at org.openqa.selenium.remote.service.DriverCommandExecutor.execute(DriverCommandExecutor.java:83)
	at org.openqa.selenium.remote.RemoteWebDriver.execute(RemoteWebDriver.java:552)
	at org.openqa.selenium.remote.RemoteWebDriver.execute(RemoteWebDriver.java:609)
	at org.openqa.selenium.remote.RemoteWebDriver.getScreenshotAs(RemoteWebDriver.java:295)
	at StepDefination.TakeImageStep.tearDown(TakeImageStep.java:21)
&amp#27;[0m
]]></system-out>
  </testcase>
  <testcase name="SLI search Google login test" classname="SLI search Google login" time="2.026">
    <error message="no such window: target window already closed&#10;from unknown error: web view not found&#10;  (Session info: chrome=103.0.5060.134)&#10;Build info: version: &apos;3.141.59&apos;, revision: &apos;e82be7d358&apos;, time: &apos;2018-11-14T08:17:03&apos;&#10;System info: host: &apos;SLIDEQA2&apos;, ip: &apos;192.168.43.28&apos;, os.name: &apos;Windows 10&apos;, os.arch: &apos;amd64&apos;, os.version: &apos;10.0&apos;, java.version: &apos;17&apos;&#10;Driver info: org.openqa.selenium.chrome.ChromeDriver&#10;Capabilities {acceptInsecureCerts: false, browserName: chrome, browserVersion: 103.0.5060.134, chrome: {chromedriverVersion: 103.0.5060.134 (8ec6fce403b..., userDataDir: C:\Users\SLIDEQ~1\AppData\L...}, goog:chromeOptions: {debuggerAddress: localhost:52826}, javascriptEnabled: true, networkConnectionEnabled: false, pageLoadStrategy: normal, platform: WINDOWS, platformName: WINDOWS, proxy: Proxy(), setWindowRect: true, strictFileInteractability: false, timeouts: {implicit: 0, pageLoad: 300000, script: 30000}, unhandledPromptBehavior: dismiss and notify, webauthn:extension:credBlob: true, webauthn:extension:largeBlob: true, webauthn:virtualAuthenticators: true}&#10;Session ID: 8e110c0b90cd357c2507bdef4407079c" type="org.openqa.selenium.NoSuchWindowException"><![CDATA[org.openqa.selenium.NoSuchWindowException: 
no such window: target window already closed
from unknown error: web view not found
  (Session info: chrome=103.0.5060.134)
Build info: version: '3.141.59', revision: 'e82be7d358', time: '2018-11-14T08:17:03'
System info: host: 'SLIDEQA2', ip: '192.168.43.28', os.name: 'Windows 10', os.arch: 'amd64', os.version: '10.0', java.version: '17'
Driver info: org.openqa.selenium.chrome.ChromeDriver
Capabilities {acceptInsecureCerts: false, browserName: chrome, browserVersion: 103.0.5060.134, chrome: {chromedriverVersion: 103.0.5060.134 (8ec6fce403b..., userDataDir: C:\Users\SLIDEQ~1\AppData\L...}, goog:chromeOptions: {debuggerAddress: localhost:52826}, javascriptEnabled: true, networkConnectionEnabled: false, pageLoadStrategy: normal, platform: WINDOWS, platformName: WINDOWS, proxy: Proxy(), setWindowRect: true, strictFileInteractability: false, timeouts: {implicit: 0, pageLoad: 300000, script: 30000}, unhandledPromptBehavior: dismiss and notify, webauthn:extension:credBlob: true, webauthn:extension:largeBlob: true, webauthn:virtualAuthenticators: true}
Session ID: 8e110c0b90cd357c2507bdef4407079c
]]></error>
  </testcase>
</testsuite>