<?xml version="1.0" encoding="UTF-8"?>
<testsuite xmlns:xsi="http://www.w3.org/2001/XMLSchema-instance" xsi:noNamespaceSchemaLocation="https://maven.apache.org/surefire/maven-surefire-plugin/xsd/surefire-test-report-3.0.xsd" version="3.0" name="Setupclass.TestRunner" time="93.316" tests="3" errors="3" skipped="0" failures="0">
  <properties>
[...]
</properties>
  <testcase name="Login with Google free account" classname="Login with Google free account test" time="84.415">
    <error message="Failed to decode response from marionette&#10;Build info: version: &apos;3.141.59&apos;, revision: &apos;e82be7d358&apos;, time: &apos;2018-11-14T08:17:03&apos;&#10;System info: host: &apos;SLIDEQA2&apos;, ip: &apos;192.168.43.28&apos;, os.name: &apos;Windows 10&apos;, os.arch: &apos;amd64&apos;, os.version: &apos;10.0&apos;, java.version: &apos;17&apos;&#10;Driver info: org.openqa.selenium.firefox.FirefoxDriver&#10;Capabilities {acceptInsecureCerts: true, browserName: firefox, browserVersion: 102.0, javascriptEnabled: true, moz:accessibilityChecks: false, moz:buildID: 20220623063721, moz:geckodriverVersion: 0.31.0, moz:headless: false, moz:processID: 15064, moz:profile: C:\Users\SLIDEQ~1\AppData\L..., moz:shutdownTimeout: 60000, moz:useNonSpecCompliantPointerOrigin: false, moz:webdriverClick: true, moz:windowless: false, pageLoadStrategy: normal, platform: WINDOWS, platformName: WINDOWS, platformVersion: 10.0, proxy: Proxy(), setWindowRect: true, strictFileInteractability: false, timeouts: {implicit: 0, pageLoad: 300000, script: 30000}, unhandledPromptBehavior: dismiss and notify}&#10;Session ID: cb3218f6-4cc3-4113-9446-212c72d4988f&#10;*** Element info: {Using=css selector, value=#password &gt; div.aCsJod.oJeWuf &gt; div &gt; div.Xb9hP &gt; input}" type="org.openqa.selenium.WebDriverException"><![CDATA[org.openqa.selenium.WebDriverException: 
Failed to decode response from marionette
Build info: version: '3.141.59', revision: 'e82be7d358', time: '2018-11-14T08:17:03'
System info: host: 'SLIDEQA2', ip: '192.168.43.28', os.name: 'Windows 10', os.arch: 'amd64', os.version: '10.0', java.version: '17'
Driver info: org.openqa.selenium.firefox.FirefoxDriver
Capabilities {acceptInsecureCerts: true, browserName: firefox, browserVersion: 102.0, javascriptEnabled: true, moz:accessibilityChecks: false, moz:buildID: 20220623063721, moz:geckodriverVersion: 0.31.0, moz:headless: false, moz:processID: 15064, moz:profile: C:\Users\SLIDEQ~1\AppData\L..., moz:shutdownTimeout: 60000, moz:useNonSpecCompliantPointerOrigin: false, moz:webdriverClick: true, moz:windowless: false, pageLoadStrategy: normal, platform: WINDOWS, platformName: WINDOWS, platformVersion: 10.0, proxy: Proxy(), setWindowRect: true, strictFileInteractability: false, timeouts: {implicit: 0, pageLoad: 300000, script: 30000}, unhandledPromptBehavior: dismiss and notify}
Session ID: cb3218f6-4cc3-4113-9446-212c72d4988f
*** Element info: {Using=css selector, value=#password > div.aCsJod.oJeWuf > div > div.Xb9hP > input}
]]></error>
    <system-out><![CDATA[Bname=====https://www.slideteam.net/

@Google_Free_login
Scenario: Login with Google free account                       &amp#27;[90m# src/test/java/Features/Google_free_login.feature:4&amp#27;[0m
  &amp#27;[32mGiven &amp#27;[0m&amp#27;[32mUser is home pageiiv&amp#27;[0m                                   &amp#27;[90m# StepDefination.Google_free_login.user_is_home_pageiiv()&amp#27;[0m
  &amp#27;[32mThen &amp#27;[0m&amp#27;[32muser click on the Free PPts under free stuffiiv&amp#27;[0m         &amp#27;[90m# StepDefination.Google_free_login.user_click_on_the_free_p_pts_under_free_stuffiiv()&amp#27;[0m
  &amp#27;[32mThen &amp#27;[0m&amp#27;[32mUser try to download the free pptsiiv&amp#27;[0m                   &amp#27;[90m# StepDefination.Google_free_login.user_try_to_download_the_free_pptsiiv()&amp#27;[0m
  &amp#27;[32mThen &amp#27;[0m&amp#27;[32muser is on home page page and click on google buttoniiv&amp#27;[0m &amp#27;[90m# StepDefination.Google_free_login.user_is_on_home_page_page_and_click_on_google_buttoniiv()&amp#27;[0m
  &amp#27;[31mAnd &amp#27;[0m&amp#27;[31muser Enters the free username and passwordiiv&amp#27;[0m            &amp#27;[90m# StepDefination.Google_free_login.user_Enters_the_free_username_and_passwordiiv()&amp#27;[0m
      &amp#27;[31morg.openqa.selenium.WebDriverException: Failed to decode response from marionette
Build info: version: '3.141.59', revision: 'e82be7d358', time: '2018-11-14T08:17:03'
System info: host: 'SLIDEQA2', ip: '192.168.43.28', os.name: 'Windows 10', os.arch: 'amd64', os.version: '10.0', java.version: '17'
Driver info: org.openqa.selenium.firefox.FirefoxDriver
Capabilities {acceptInsecureCerts: true, browserName: firefox, browserVersion: 102.0, javascriptEnabled: true, moz:accessibilityChecks: false, moz:buildID: 20220623063721, moz:geckodriverVersion: 0.31.0, moz:headless: false, moz:processID: 15064, moz:profile: C:\Users\SLIDEQ~1\AppData\L..., moz:shutdownTimeout: 60000, moz:useNonSpecCompliantPointerOrigin: false, moz:webdriverClick: true, moz:windowless: false, pageLoadStrategy: normal, platform: WINDOWS, platformName: WINDOWS, platformVersion: 10.0, proxy: Proxy(), setWindowRect: true, strictFileInteractability: false, timeouts: {implicit: 0, pageLoad: 300000, script: 30000}, unhandledPromptBehavior: dismiss and notify}
Session ID: cb3218f6-4cc3-4113-9446-212c72d4988f
*** Element info: {Using=css selector, value=#password > div.aCsJod.oJeWuf > div > div.Xb9hP > input}
	at java.base/jdk.internal.reflect.NativeConstructorAccessorImpl.newInstance0(Native Method)
	at java.base/jdk.internal.reflect.NativeConstructorAccessorImpl.newInstance(NativeConstructorAccessorImpl.java:77)
	at java.base/jdk.internal.reflect.DelegatingConstructorAccessorImpl.newInstance(DelegatingConstructorAccessorImpl.java:45)
	at java.base/java.lang.reflect.Constructor.newInstanceWithCaller(Constructor.java:499)
	at java.base/java.lang.reflect.Constructor.newInstance(Constructor.java:480)
	at org.openqa.selenium.remote.http.W3CHttpResponseCodec.createException(W3CHttpResponseCodec.java:187)
	at org.openqa.selenium.remote.http.W3CHttpResponseCodec.decode(W3CHttpResponseCodec.java:122)
	at org.openqa.selenium.remote.http.W3CHttpResponseCodec.decode(W3CHttpResponseCodec.java:49)
	at org.openqa.selenium.remote.HttpCommandExecutor.execute(HttpCommandExecutor.java:158)
	at org.openqa.selenium.remote.service.DriverCommandExecutor.execute(DriverCommandExecutor.java:83)
	at org.openqa.selenium.remote.RemoteWebDriver.execute(RemoteWebDriver.java:552)
	at org.openqa.selenium.remote.RemoteWebDriver.findElement(RemoteWebDriver.java:323)
	at org.openqa.selenium.remote.RemoteWebDriver.findElementByCssSelector(RemoteWebDriver.java:420)
	at org.openqa.selenium.By$ByCssSelector.findElement(By.java:431)
	at org.openqa.selenium.remote.RemoteWebDriver.findElement(RemoteWebDriver.java:315)
	at org.openqa.selenium.support.ui.ExpectedConditions$7.apply(ExpectedConditions.java:205)
	at org.openqa.selenium.support.ui.ExpectedConditions$7.apply(ExpectedConditions.java:201)
	at org.openqa.selenium.support.ui.ExpectedConditions$22.apply(ExpectedConditions.java:641)
	at org.openqa.selenium.support.ui.ExpectedConditions$22.apply(ExpectedConditions.java:638)
	at org.openqa.selenium.support.ui.FluentWait.until(FluentWait.java:249)
	at StepDefination.Google_free_login.user_Enters_the_free_username_and_passwordiiv(Google_free_login.java:103)
	at âœ½.user Enters the free username and passwordiiv(file:///D:/Selenium%20Live%20Projects/SlideTeamLoginTest/./src/test/java/Features/Google_free_login.feature:9)
&amp#27;[0m
  &amp#27;[36mThen &amp#27;[0m&amp#27;[36muser downloads the free PPTiiv&amp#27;[0m                          &amp#27;[90m# StepDefination.Google_free_login.user_downloads_the_free_pptiiv()&amp#27;[0m
  &amp#27;[36mThen &amp#27;[0m&amp#27;[36muser clicks on the Logout pageiiv&amp#27;[0m                       &amp#27;[90m# StepDefination.Google_free_login.user_clicks_on_the_logout_pageiiv()&amp#27;[0m
  &amp#27;[36mThen &amp#27;[0m&amp#27;[36mverify the messageiiv&amp#27;[0m                                   &amp#27;[90m# StepDefination.Google_free_login.verify_the_messageiiv()&amp#27;[0m
      &amp#27;[31morg.openqa.selenium.NoSuchSessionException: Tried to run command without establishing a connection
Build info: version: '3.141.59', revision: 'e82be7d358', time: '2018-11-14T08:17:03'
System info: host: 'SLIDEQA2', ip: '192.168.43.28', os.name: 'Windows 10', os.arch: 'amd64', os.version: '10.0', java.version: '17'
Driver info: org.openqa.selenium.firefox.FirefoxDriver
Capabilities {acceptInsecureCerts: true, browserName: firefox, browserVersion: 102.0, javascriptEnabled: true, moz:accessibilityChecks: false, moz:buildID: 20220623063721, moz:geckodriverVersion: 0.31.0, moz:headless: false, moz:processID: 15064, moz:profile: C:\Users\SLIDEQ~1\AppData\L..., moz:shutdownTimeout: 60000, moz:useNonSpecCompliantPointerOrigin: false, moz:webdriverClick: true, moz:windowless: false, pageLoadStrategy: normal, platform: WINDOWS, platformName: WINDOWS, platformVersion: 10.0, proxy: Proxy(), setWindowRect: true, strictFileInteractability: false, timeouts: {implicit: 0, pageLoad: 300000, script: 30000}, unhandledPromptBehavior: dismiss and notify}
Session ID: cb3218f6-4cc3-4113-9446-212c72d4988f
	at java.base/jdk.internal.reflect.NativeConstructorAccessorImpl.newInstance0(Native Method)
	at java.base/jdk.internal.reflect.NativeConstructorAccessorImpl.newInstance(NativeConstructorAccessorImpl.java:77)
	at java.base/jdk.internal.reflect.DelegatingConstructorAccessorImpl.newInstance(DelegatingConstructorAccessorImpl.java:45)
	at java.base/java.lang.reflect.Constructor.newInstanceWithCaller(Constructor.java:499)
	at java.base/java.lang.reflect.Constructor.newInstance(Constructor.java:480)
	at org.openqa.selenium.remote.http.W3CHttpResponseCodec.createException(W3CHttpResponseCodec.java:187)
	at org.openqa.selenium.remote.http.W3CHttpResponseCodec.decode(W3CHttpResponseCodec.java:122)
	at org.openqa.selenium.remote.http.W3CHttpResponseCodec.decode(W3CHttpResponseCodec.java:49)
	at org.openqa.selenium.remote.HttpCommandExecutor.execute(HttpCommandExecutor.java:158)
	at org.openqa.selenium.remote.service.DriverCommandExecutor.execute(DriverCommandExecutor.java:83)
	at org.openqa.selenium.remote.RemoteWebDriver.execute(RemoteWebDriver.java:552)
	at org.openqa.selenium.remote.RemoteWebDriver.execute(RemoteWebDriver.java:609)
	at org.openqa.selenium.remote.RemoteWebDriver.getScreenshotAs(RemoteWebDriver.java:295)
	at StepDefination.TakeImageStep.tearDown(TakeImageStep.java:21)
&amp#27;[0m
]]></system-out>
    <system-err><![CDATA[Jul 06, 2022 3:30:33 PM io.cucumber.core.runtime.FeaturePathFeatureSupplier$FeatureBuilder addUnique
SEVERE: Duplicate feature found: file:///D:/Selenium%20Live%20Projects/SlideTeamLoginTest/./target/test-classes/Features/Facebook_existing_paid_login.feature was identical to file:///D:/Selenium%20Live%20Projects/SlideTeamLoginTest/./src/test/java/Features/Facebook_existing_paid_login.feature

This typically happens when you configure cucumber to look for features in the root of your project.
Your build tool creates a copy of these features in a 'target' or 'build'directory.

If your features are on the class path consider using a class path URI.
For example: 'classpath:com/example/app.feature'
Otherwise you'll have to provide a more specific location
Jul 06, 2022 3:30:33 PM io.cucumber.core.runtime.FeaturePathFeatureSupplier$FeatureBuilder addUnique
SEVERE: Duplicate feature found: file:///D:/Selenium%20Live%20Projects/SlideTeamLoginTest/./target/test-classes/Features/Facebook_free_login.feature was identical to file:///D:/Selenium%20Live%20Projects/SlideTeamLoginTest/./src/test/java/Features/Facebook_free_login.feature

This typically happens when you configure cucumber to look for features in the root of your project.
Your build tool creates a copy of these features in a 'target' or 'build'directory.

If your features are on the class path consider using a class path URI.
For example: 'classpath:com/example/app.feature'
Otherwise you'll have to provide a more specific location
Jul 06, 2022 3:30:33 PM io.cucumber.core.runtime.FeaturePathFeatureSupplier$FeatureBuilder addUnique
SEVERE: Duplicate feature found: file:///D:/Selenium%20Live%20Projects/SlideTeamLoginTest/./target/test-classes/Features/Facebook_paid_Login.feature was identical to file:///D:/Selenium%20Live%20Projects/SlideTeamLoginTest/./src/test/java/Features/Facebook_paid_Login.feature

This typically happens when you configure cucumber to look for features in the root of your project.
Your build tool creates a copy of these features in a 'target' or 'build'directory.

If your features are on the class path consider using a class path URI.
For example: 'classpath:com/example/app.feature'
Otherwise you'll have to provide a more specific location
Jul 06, 2022 3:30:33 PM io.cucumber.core.runtime.FeaturePathFeatureSupplier$FeatureBuilder addUnique
SEVERE: Duplicate feature found: file:///D:/Selenium%20Live%20Projects/SlideTeamLoginTest/./target/test-classes/Features/Google_existing_paid_login.feature was identical to file:///D:/Selenium%20Live%20Projects/SlideTeamLoginTest/./src/test/java/Features/Google_existing_paid_login.feature

This typically happens when you configure cucumber to look for features in the root of your project.
Your build tool creates a copy of these features in a 'target' or 'build'directory.

If your features are on the class path consider using a class path URI.
For example: 'classpath:com/example/app.feature'
Otherwise you'll have to provide a more specific location
Jul 06, 2022 3:30:33 PM io.cucumber.core.runtime.FeaturePathFeatureSupplier$FeatureBuilder addUnique
SEVERE: Duplicate feature found: file:///D:/Selenium%20Live%20Projects/SlideTeamLoginTest/./target/test-classes/Features/Google_free_login.feature was identical to file:///D:/Selenium%20Live%20Projects/SlideTeamLoginTest/./src/test/java/Features/Google_free_login.feature

This typically happens when you configure cucumber to look for features in the root of your project.
Your build tool creates a copy of these features in a 'target' or 'build'directory.

If your features are on the class path consider using a class path URI.
For example: 'classpath:com/example/app.feature'
Otherwise you'll have to provide a more specific location
Jul 06, 2022 3:30:33 PM io.cucumber.core.runtime.FeaturePathFeatureSupplier$FeatureBuilder addUnique
SEVERE: Duplicate feature found: file:///D:/Selenium%20Live%20Projects/SlideTeamLoginTest/./target/test-classes/Features/Google_paid_Login.feature was identical to file:///D:/Selenium%20Live%20Projects/SlideTeamLoginTest/./src/test/java/Features/Google_paid_Login.feature

This typically happens when you configure cucumber to look for features in the root of your project.
Your build tool creates a copy of these features in a 'target' or 'build'directory.

If your features are on the class path consider using a class path URI.
For example: 'classpath:com/example/app.feature'
Otherwise you'll have to provide a more specific location
Jul 06, 2022 3:30:33 PM io.cucumber.core.runtime.FeaturePathFeatureSupplier$FeatureBuilder addUnique
SEVERE: Duplicate feature found: file:///D:/Selenium%20Live%20Projects/SlideTeamLoginTest/./target/test-classes/Features/Normal_paid_login.feature was identical to file:///D:/Selenium%20Live%20Projects/SlideTeamLoginTest/./src/test/java/Features/Normal_paid_login.feature

This typically happens when you configure cucumber to look for features in the root of your project.
Your build tool creates a copy of these features in a 'target' or 'build'directory.

If your features are on the class path consider using a class path URI.
For example: 'classpath:com/example/app.feature'
Otherwise you'll have to provide a more specific location
Jul 06, 2022 3:30:33 PM io.cucumber.core.runtime.FeaturePathFeatureSupplier$FeatureBuilder addUnique
SEVERE: Duplicate feature found: file:///D:/Selenium%20Live%20Projects/SlideTeamLoginTest/./target/test-classes/Features/SLI_search_facebook_paid_login.feature was identical to file:///D:/Selenium%20Live%20Projects/SlideTeamLoginTest/./src/test/java/Features/SLI_search_facebook_paid_login.feature

This typically happens when you configure cucumber to look for features in the root of your project.
Your build tool creates a copy of these features in a 'target' or 'build'directory.

If your features are on the class path consider using a class path URI.
For example: 'classpath:com/example/app.feature'
Otherwise you'll have to provide a more specific location
Jul 06, 2022 3:30:33 PM io.cucumber.core.runtime.FeaturePathFeatureSupplier$FeatureBuilder addUnique
SEVERE: Duplicate feature found: file:///D:/Selenium%20Live%20Projects/SlideTeamLoginTest/./target/test-classes/Features/SLI_search_google_paid_login.feature was identical to file:///D:/Selenium%20Live%20Projects/SlideTeamLoginTest/./src/test/java/Features/SLI_search_google_paid_login.feature

This typically happens when you configure cucumber to look for features in the root of your project.
Your build tool creates a copy of these features in a 'target' or 'build'directory.

If your features are on the class path consider using a class path URI.
For example: 'classpath:com/example/app.feature'
Otherwise you'll have to provide a more specific location
[main] INFO io.github.bonigarcia.wdm.WebDriverManager - Reading https://api.github.com/repos/mozilla/geckodriver/releases to seek geckodriver
[main] INFO io.github.bonigarcia.wdm.WebDriverManager - Exporting webdriver.gecko.driver as C:\Users\SLIDE QA\.cache\selenium\geckodriver\win64\0.31.0\geckodriver.exe
1657101636026	geckodriver	INFO	Listening on 127.0.0.1:15725
1657101636235	mozrunner::runner	INFO	Running command: "C:\\Program Files\\Mozilla Firefox\\firefox.exe" "--marionette" "-no-remote" "-profile" "C:\\Users\\SLIDEQ~1\\AppData\\Local\\Temp\\rust_mozprofile5FvhmV"
1657101636518	Marionette	INFO	Marionette enabled
1657101636524	Marionette	INFO	Listening on port 64449
Read port: 64449
1657101636626	RemoteAgent	WARN	TLS certificate errors will be ignored for this session
console.warn: SearchSettings: "get: No settings file exists, new profile?" (new NotFoundError("Could not open the file at C:\\Users\\SLIDEQ~1\\AppData\\Local\\Temp\\rust_mozprofile5FvhmV\\search.json.mozlz4", (void 0)))
Jul 06, 2022 3:30:37 PM org.openqa.selenium.remote.ProtocolHandshake createSession
INFO: Detected dialect: W3C
console.warn: LoginRecipes: "getRecipes: falling back to a synchronous message for:" "https://accounts.google.com"
console.warn: LoginRecipes: "getRecipes: falling back to a synchronous message for:" "https://accounts.google.com"
JavaScript warning: https://accounts.google.com/ServiceLogin?service=mail&passive=1209600&osid=1&continue=https://mail.google.com/mail/u/0/&followup=https://mail.google.com/mail/u/0/&emr=1#inbox line 2 > eval line 3363 > eval line 1 > eval line 1 > eval, line 1: WEBGL_debug_renderer_info is deprecated in Firefox and will be removed. Please use RENDERER.
JavaScript warning: https://accounts.google.com/ServiceLogin?service=mail&passive=1209600&osid=1&continue=https%3A%2F%2Fmail.google.com%2Fmail%2Fu%2F0%2F&followup=https%3A%2F%2Fmail.google.com%2Fmail%2Fu%2F0%2F&emr=1&flowName=GlifWebSignIn&flowEntry=ServiceLogin#inbox line 2 > eval line 3194 > eval line 1 > eval line 1 > eval, line 1: WEBGL_debug_renderer_info is deprecated in Firefox and will be removed. Please use RENDERER.
log4j:WARN No appenders could be found for logger (org.junit.BeforeClass).
log4j:WARN Please initialize the log4j system properly.
log4j:WARN See http://logging.apache.org/log4j/1.2/faq.html#noconfig for more info.
console.warn: LoginRecipes: "getRecipes: falling back to a synchronous message for:" "https://www.slideteam.net"
JavaScript error: https://www.slideteam.net/free-download-diverging-process-arrow-chart-4-steps-cycle-diagram-powerpoint-slides.html line 1 > injectedScript, line 1: TypeError: require.config is not a function
JavaScript error: https://www.slideteam.net/free-download-diverging-process-arrow-chart-4-steps-cycle-diagram-powerpoint-slides.html line 1 > injectedScript, line 2: TypeError: require is not a function
JavaScript error: https://www.slideteam.net/free-download-diverging-process-arrow-chart-4-steps-cycle-diagram-powerpoint-slides.html line 1 > injectedScript, line 2: TypeError: require is not a function
JavaScript error: https://www.slideteam.net/free-download-diverging-process-arrow-chart-4-steps-cycle-diagram-powerpoint-slides.html line 1 > injectedScript, line 2: TypeError: require is not a function
JavaScript error: https://www.slideteam.net/free-download-diverging-process-arrow-chart-4-steps-cycle-diagram-powerpoint-slides.html line 1 > injectedScript, line 2: TypeError: require is not a function
JavaScript error: https://www.slideteam.net/free-download-diverging-process-arrow-chart-4-steps-cycle-diagram-powerpoint-slides.html line 1 > injectedScript, line 2: TypeError: require is not a function
JavaScript error: https://www.slideteam.net/free-download-diverging-process-arrow-chart-4-steps-cycle-diagram-powerpoint-slides.html line 1 > injectedScript, line 2: TypeError: require is not a function
JavaScript error: https://www.slideteam.net/free-download-diverging-process-arrow-chart-4-steps-cycle-diagram-powerpoint-slides.html line 1 > injectedScript, line 1: TypeError: require is not a function
JavaScript error: https://www.slideteam.net/free-download-diverging-process-arrow-chart-4-steps-cycle-diagram-powerpoint-slides.html line 1 > injectedScript, line 3: TypeError: require is not a function
JavaScript error: https://www.slideteam.net/free-download-diverging-process-arrow-chart-4-steps-cycle-diagram-powerpoint-slides.html line 1 > injectedScript, line 2: TypeError: require is not a function
JavaScript error: https://www.slideteam.net/free-download-diverging-process-arrow-chart-4-steps-cycle-diagram-powerpoint-slides.html line 1 > injectedScript, line 2: TypeError: require is not a function
JavaScript error: https://www.slideteam.net/free-download-diverging-process-arrow-chart-4-steps-cycle-diagram-powerpoint-slides.html line 1 > injectedScript, line 2: TypeError: require is not a function
JavaScript error: https://www.slideteam.net/free-download-diverging-process-arrow-chart-4-steps-cycle-diagram-powerpoint-slides.html line 1 > injectedScript, line 2: TypeError: require is not a function
JavaScript error: https://www.slideteam.net/free-download-diverging-process-arrow-chart-4-steps-cycle-diagram-powerpoint-slides.html line 1 > injectedScript, line 2: TypeError: require is not a function
JavaScript error: https://www.slideteam.net/free-download-diverging-process-arrow-chart-4-steps-cycle-diagram-powerpoint-slides.html line 1 > injectedScript, line 2: TypeError: require is not a function
JavaScript error: https://www.slideteam.net/free-download-diverging-process-arrow-chart-4-steps-cycle-diagram-powerpoint-slides.html line 1 > injectedScript, line 2: TypeError: require is not a function
JavaScript error: https://www.slideteam.net/free-download-diverging-process-arrow-chart-4-steps-cycle-diagram-powerpoint-slides.html line 1 > injectedScript, line 2: TypeError: require is not a function
JavaScript error: https://www.slideteam.net/free-download-diverging-process-arrow-chart-4-steps-cycle-diagram-powerpoint-slides.html line 1 > injectedScript, line 2: TypeError: require is not a function
JavaScript error: https://www.slideteam.net/free-download-diverging-process-arrow-chart-4-steps-cycle-diagram-powerpoint-slides.html line 1 > injectedScript, line 2: TypeError: require is not a function
JavaScript error: https://www.slideteam.net/free-download-diverging-process-arrow-chart-4-steps-cycle-diagram-powerpoint-slides.html line 1 > injectedScript, line 2: TypeError: require is not a function
JavaScript error: https://www.slideteam.net/free-download-diverging-process-arrow-chart-4-steps-cycle-diagram-powerpoint-slides.html line 1 > injectedScript, line 2: TypeError: require is not a function
JavaScript error: https://www.slideteam.net/free-download-diverging-process-arrow-chart-4-steps-cycle-diagram-powerpoint-slides.html line 1 > injectedScript, line 2: ReferenceError: requirejs is not defined
JavaScript error: https://www.slideteam.net/free-download-diverging-process-arrow-chart-4-steps-cycle-diagram-powerpoint-slides.html line 1 > injectedScript, line 2: ReferenceError: requirejs is not defined
JavaScript error: https://www.slideteam.net/free-download-diverging-process-arrow-chart-4-steps-cycle-diagram-powerpoint-slides.html line 1 > injectedScript, line 2: ReferenceError: requirejs is not defined
JavaScript error: https://www.slideteam.net/free-download-diverging-process-arrow-chart-4-steps-cycle-diagram-powerpoint-slides.html line 1 > injectedScript, line 2: TypeError: require is not a function
JavaScript error: https://www.slideteam.net/free-download-diverging-process-arrow-chart-4-steps-cycle-diagram-powerpoint-slides.html line 1 > injectedScript, line 2: TypeError: require is not a function
JavaScript error: https://www.slideteam.net/free-download-diverging-process-arrow-chart-4-steps-cycle-diagram-powerpoint-slides.html line 1 > injectedScript, line 1: TypeError: require is not a function
JavaScript error: https://www.slideteam.net/free-download-diverging-process-arrow-chart-4-steps-cycle-diagram-powerpoint-slides.html line 1 > injectedScript, line 2: TypeError: require is not a function
JavaScript error: https://www.slideteam.net/free-download-diverging-process-arrow-chart-4-steps-cycle-diagram-powerpoint-slides.html line 1 > injectedScript, line 2: ReferenceError: requirejs is not defined
JavaScript error: https://www.slideteam.net/static/version1657081210/frontend/Slideteam/default/en_US/Magento_Theme/js/ddimgtooltip.min.js, line 21: ReferenceError: jQuery is not defined
console.warn: LoginRecipes: "getRecipes: falling back to a synchronous message for:" "https://www.slideteam.net"
console.warn: LoginRecipes: "getRecipes: falling back to a synchronous message for:" "https://www.slideteam.net"
console.warn: LoginRecipes: "getRecipes: falling back to a synchronous message for:" "https://www.slideteam.net"
console.warn: LoginRecipes: "getRecipes: falling back to a synchronous message for:" "https://accounts.google.com"
console.warn: LoginRecipes: "getRecipes: falling back to a synchronous message for:" "https://accounts.google.com"
JavaScript warning: https://accounts.google.com/o/oauth2/auth?client_id=336207352953-vmd5a9eu70o8mcgelcffhq0u42514iih.apps.googleusercontent.com&redirect_uri=https%3A%2F%2Fwww.slideteam.net%2Fsociallogin%2Fsocial%2Fcallback%2F%3Fhauth.done%3DGoogle&response_type=code&scope=profile+email&access_type=offline line 2 > eval line 4356 > eval line 1 > eval line 1 > eval, line 1: WEBGL_debug_renderer_info is deprecated in Firefox and will be removed. Please use RENDERER.
console.warn: LoginRecipes: "getRecipes: falling back to a synchronous message for:" "https://accounts.google.com"
JavaScript warning: https://accounts.google.com/o/oauth2/auth?client_id=336207352953-vmd5a9eu70o8mcgelcffhq0u42514iih.apps.googleusercontent.com&redirect_uri=https%3A%2F%2Fwww.slideteam.net%2Fsociallogin%2Fsocial%2Fcallback%2F%3Fhauth.done%3DGoogle&response_type=code&scope=profile+email&access_type=offline line 2 > eval line 77 > eval line 1 > eval line 1 > eval, line 1: WEBGL_debug_renderer_info is deprecated in Firefox and will be removed. Please use RENDERER.
1657101723150	Marionette	INFO	Stopped listening on port 64449
JavaScript error: chrome://remote/content/marionette/cert.js, line 55: NS_ERROR_NOT_AVAILABLE: Component returned failure code: 0x80040111 (NS_ERROR_NOT_AVAILABLE) [nsICertOverrideService.setDisableAllSecurityChecksAndLetAttackersInterceptMyData]
]]></system-err>
  </testcase>
  <testcase name="Login with Google free account" classname="Login with Google free account test" time="84.416">
    <error message="Tried to run command without establishing a connection&#10;Build info: version: &apos;3.141.59&apos;, revision: &apos;e82be7d358&apos;, time: &apos;2018-11-14T08:17:03&apos;&#10;System info: host: &apos;SLIDEQA2&apos;, ip: &apos;192.168.43.28&apos;, os.name: &apos;Windows 10&apos;, os.arch: &apos;amd64&apos;, os.version: &apos;10.0&apos;, java.version: &apos;17&apos;&#10;Driver info: org.openqa.selenium.firefox.FirefoxDriver&#10;Capabilities {acceptInsecureCerts: true, browserName: firefox, browserVersion: 102.0, javascriptEnabled: true, moz:accessibilityChecks: false, moz:buildID: 20220623063721, moz:geckodriverVersion: 0.31.0, moz:headless: false, moz:processID: 15064, moz:profile: C:\Users\SLIDEQ~1\AppData\L..., moz:shutdownTimeout: 60000, moz:useNonSpecCompliantPointerOrigin: false, moz:webdriverClick: true, moz:windowless: false, pageLoadStrategy: normal, platform: WINDOWS, platformName: WINDOWS, platformVersion: 10.0, proxy: Proxy(), setWindowRect: true, strictFileInteractability: false, timeouts: {implicit: 0, pageLoad: 300000, script: 30000}, unhandledPromptBehavior: dismiss and notify}&#10;Session ID: cb3218f6-4cc3-4113-9446-212c72d4988f" type="org.openqa.selenium.NoSuchSessionException"><![CDATA[org.openqa.selenium.NoSuchSessionException: 
Tried to run command without establishing a connection
Build info: version: '3.141.59', revision: 'e82be7d358', time: '2018-11-14T08:17:03'
System info: host: 'SLIDEQA2', ip: '192.168.43.28', os.name: 'Windows 10', os.arch: 'amd64', os.version: '10.0', java.version: '17'
Driver info: org.openqa.selenium.firefox.FirefoxDriver
Capabilities {acceptInsecureCerts: true, browserName: firefox, browserVersion: 102.0, javascriptEnabled: true, moz:accessibilityChecks: false, moz:buildID: 20220623063721, moz:geckodriverVersion: 0.31.0, moz:headless: false, moz:processID: 15064, moz:profile: C:\Users\SLIDEQ~1\AppData\L..., moz:shutdownTimeout: 60000, moz:useNonSpecCompliantPointerOrigin: false, moz:webdriverClick: true, moz:windowless: false, pageLoadStrategy: normal, platform: WINDOWS, platformName: WINDOWS, platformVersion: 10.0, proxy: Proxy(), setWindowRect: true, strictFileInteractability: false, timeouts: {implicit: 0, pageLoad: 300000, script: 30000}, unhandledPromptBehavior: dismiss and notify}
Session ID: cb3218f6-4cc3-4113-9446-212c72d4988f
]]></error>
  </testcase>
  <testcase name="" classname="Setupclass.TestRunner" time="86.609">
    <error message="Tried to run command without establishing a connection&#10;Build info: version: &apos;3.141.59&apos;, revision: &apos;e82be7d358&apos;, time: &apos;2018-11-14T08:17:03&apos;&#10;System info: host: &apos;SLIDEQA2&apos;, ip: &apos;192.168.43.28&apos;, os.name: &apos;Windows 10&apos;, os.arch: &apos;amd64&apos;, os.version: &apos;10.0&apos;, java.version: &apos;17&apos;&#10;Driver info: org.openqa.selenium.firefox.FirefoxDriver&#10;Capabilities {acceptInsecureCerts: true, browserName: firefox, browserVersion: 102.0, javascriptEnabled: true, moz:accessibilityChecks: false, moz:buildID: 20220623063721, moz:geckodriverVersion: 0.31.0, moz:headless: false, moz:processID: 15064, moz:profile: C:\Users\SLIDEQ~1\AppData\L..., moz:shutdownTimeout: 60000, moz:useNonSpecCompliantPointerOrigin: false, moz:webdriverClick: true, moz:windowless: false, pageLoadStrategy: normal, platform: WINDOWS, platformName: WINDOWS, platformVersion: 10.0, proxy: Proxy(), setWindowRect: true, strictFileInteractability: false, timeouts: {implicit: 0, pageLoad: 300000, script: 30000}, unhandledPromptBehavior: dismiss and notify}&#10;Session ID: cb3218f6-4cc3-4113-9446-212c72d4988f" type="org.openqa.selenium.NoSuchSessionException"><![CDATA[org.openqa.selenium.NoSuchSessionException: 
Tried to run command without establishing a connection
Build info: version: '3.141.59', revision: 'e82be7d358', time: '2018-11-14T08:17:03'
System info: host: 'SLIDEQA2', ip: '192.168.43.28', os.name: 'Windows 10', os.arch: 'amd64', os.version: '10.0', java.version: '17'
Driver info: org.openqa.selenium.firefox.FirefoxDriver
Capabilities {acceptInsecureCerts: true, browserName: firefox, browserVersion: 102.0, javascriptEnabled: true, moz:accessibilityChecks: false, moz:buildID: 20220623063721, moz:geckodriverVersion: 0.31.0, moz:headless: false, moz:processID: 15064, moz:profile: C:\Users\SLIDEQ~1\AppData\L..., moz:shutdownTimeout: 60000, moz:useNonSpecCompliantPointerOrigin: false, moz:webdriverClick: true, moz:windowless: false, pageLoadStrategy: normal, platform: WINDOWS, platformName: WINDOWS, platformVersion: 10.0, proxy: Proxy(), setWindowRect: true, strictFileInteractability: false, timeouts: {implicit: 0, pageLoad: 300000, script: 30000}, unhandledPromptBehavior: dismiss and notify}
Session ID: cb3218f6-4cc3-4113-9446-212c72d4988f
	at Setupclass.TestRunner.afterClass(TestRunner.java:24)
]]></error>
    <system-err><![CDATA[&amp#27;[32m&amp#27;[1m┌───────────────────────────────────────────────────────────────────────────────────┐&amp#27;[0m
&amp#27;[32m&amp#27;[1m│&amp#27;[0m Share your Cucumber Report with your team at &amp#27;[36m&amp#27;[1m&amp#27;[4mhttps://reports.cucumber.io&amp#27;[0m          &amp#27;[32m&amp#27;[1m│&amp#27;[0m
&amp#27;[32m&amp#27;[1m│&amp#27;[0m Activate publishing with one of the following:                                    &amp#27;[32m&amp#27;[1m│&amp#27;[0m
&amp#27;[32m&amp#27;[1m│&amp#27;[0m                                                                                   &amp#27;[32m&amp#27;[1m│&amp#27;[0m
&amp#27;[32m&amp#27;[1m│&amp#27;[0m src/test/resources/cucumber.properties:          &amp#27;[36mcucumber.publish.enabled&amp#27;[0m=&amp#27;[36mtrue&amp#27;[0m    &amp#27;[32m&amp#27;[1m│&amp#27;[0m
&amp#27;[32m&amp#27;[1m│&amp#27;[0m src/test/resources/junit-platform.properties:    &amp#27;[36mcucumber.publish.enabled&amp#27;[0m=&amp#27;[36mtrue&amp#27;[0m    &amp#27;[32m&amp#27;[1m│&amp#27;[0m
&amp#27;[32m&amp#27;[1m│&amp#27;[0m Environment variable:                            &amp#27;[36mCUCUMBER_PUBLISH_ENABLED&amp#27;[0m=&amp#27;[36mtrue&amp#27;[0m    &amp#27;[32m&amp#27;[1m│&amp#27;[0m
&amp#27;[32m&amp#27;[1m│&amp#27;[0m JUnit:                                           &amp#27;[36m@CucumberOptions&amp#27;[0m(publish = &amp#27;[36mtrue&amp#27;[0m) &amp#27;[32m&amp#27;[1m│&amp#27;[0m
&amp#27;[32m&amp#27;[1m│&amp#27;[0m                                                                                   &amp#27;[32m&amp#27;[1m│&amp#27;[0m
&amp#27;[32m&amp#27;[1m│&amp#27;[0m More information at &amp#27;[36mhttps://reports.cucumber.io/docs/cucumber-jvm&amp#27;[0m                 &amp#27;[32m&amp#27;[1m│&amp#27;[0m
&amp#27;[32m&amp#27;[1m│&amp#27;[0m                                                                                   &amp#27;[32m&amp#27;[1m│&amp#27;[0m
&amp#27;[32m&amp#27;[1m│&amp#27;[0m Disable this message with one of the following:                                   &amp#27;[32m&amp#27;[1m│&amp#27;[0m
&amp#27;[32m&amp#27;[1m│&amp#27;[0m                                                                                   &amp#27;[32m&amp#27;[1m│&amp#27;[0m
&amp#27;[32m&amp#27;[1m│&amp#27;[0m src/test/resources/cucumber.properties:          &amp#27;[36mcucumber.publish.quiet&amp#27;[0m=&amp#27;[36mtrue&amp#27;[0m      &amp#27;[32m&amp#27;[1m│&amp#27;[0m
&amp#27;[32m&amp#27;[1m│&amp#27;[0m src/test/resources/junit-platform.properties:    &amp#27;[36mcucumber.publish.quiet&amp#27;[0m=&amp#27;[36mtrue&amp#27;[0m      &amp#27;[32m&amp#27;[1m│&amp#27;[0m
&amp#27;[32m&amp#27;[1m└───────────────────────────────────────────────────────────────────────────────────┘&amp#27;[0m
]]></system-err>
  </testcase>
</testsuite>